#
# There is insufficient memory for the Java Runtime Environment to continue.
# Native memory allocation (malloc) failed to allocate 32744 bytes for ChunkPool::allocate
# Possible reasons:
#   The system is out of physical RAM or swap space
#   The process is running with CompressedOops enabled, and the Java Heap may be blocking the growth of the native heap
# Possible solutions:
#   Reduce memory load on the system
#   Increase physical memory or swap space
#   Check if swap backing store is full
#   Decrease Java heap size (-Xmx/-Xms)
#   Decrease number of Java threads
#   Decrease Java thread stack sizes (-Xss)
#   Set larger code cache with -XX:ReservedCodeCacheSize=
#   JVM is running with Unscaled Compressed Oops mode in which the Java heap is
#     placed in the first 4GB address space. The Java Heap base address is the
#     maximum limit for the native heap growth. Please use -XX:HeapBaseMinAddress
#     to set the Java Heap base and to place the Java Heap above 4GB virtual address.
# This output file may be truncated or incomplete.
#
#  Out of Memory Error (arena.cpp:79), pid=15584, tid=2388
#
# JRE version: Java(TM) SE Runtime Environment (16.0.1+9) (build 16.0.1+9-24)
# Java VM: Java HotSpot(TM) 64-Bit Server VM (16.0.1+9-24, mixed mode, sharing, tiered, compressed oops, compressed class ptrs, g1 gc, windows-amd64)
# No core dump will be written. Minidumps are not enabled by default on client versions of Windows
#

---------------  S U M M A R Y ------------

Command Line: -Dmaven.multiModuleProjectDirectory=D:\InteliJProject\FYP -Dmaven.home=D:\IntelliJIDEA\IntelliJ IDEA Community Edition 2022.2.3\plugins\maven\lib\maven3 -Dclassworlds.conf=D:\IntelliJIDEA\IntelliJ IDEA Community Edition 2022.2.3\plugins\maven\lib\maven3\bin\m2.conf -Dmaven.ext.class.path=D:\IntelliJIDEA\IntelliJ IDEA Community Edition 2022.2.3\plugins\maven\lib\maven-event-listener.jar -javaagent:D:\IntelliJIDEA\IntelliJ IDEA Community Edition 2022.2.3\lib\idea_rt.jar=62008:D:\IntelliJIDEA\IntelliJ IDEA Community Edition 2022.2.3\bin -Dfile.encoding=UTF-8 org.codehaus.classworlds.Launcher -Didea.version=2022.2.3 install

Host: AMD Ryzen 3 3300U with Radeon Vega Mobile Gfx  , 4 cores, 6G,  Windows 10 , 64 bit Build 22000 (10.0.22000.1219)
Time: Mon Dec 12 14:58:12 2022 India Standard Time elapsed time: 52.062652 seconds (0d 0h 0m 52s)

---------------  T H R E A D  ---------------

Current thread (0x000001f6fd01ae10):  JavaThread "C1 CompilerThread0" daemon [_thread_in_native, id=2388, stack(0x0000004362900000,0x0000004362a00000)]


Current CompileTask:
C1:  52062 4894   !   3       org.fusesource.jansi.AnsiPrintStream::processEscapeCommand (965 bytes)

Stack: [0x0000004362900000,0x0000004362a00000]
Native frames: (J=compiled Java code, j=interpreted, Vv=VM code, C=native code)
V  [jvm.dll+0x6687ca]
V  [jvm.dll+0x7ca3c9]
V  [jvm.dll+0x7cbb53]
V  [jvm.dll+0x7cc1b3]
V  [jvm.dll+0x242ea5]
V  [jvm.dll+0xae25f]
V  [jvm.dll+0xae5ac]
V  [jvm.dll+0x62cff3]
V  [jvm.dll+0x62cba2]
V  [jvm.dll+0x1ca58d]
V  [jvm.dll+0x142979]
V  [jvm.dll+0x1369f8]
V  [jvm.dll+0x142488]
V  [jvm.dll+0x145689]
V  [jvm.dll+0x1450c8]
V  [jvm.dll+0x13caa6]
V  [jvm.dll+0x13efd5]
V  [jvm.dll+0x13d2b4]
V  [jvm.dll+0x13718f]
V  [jvm.dll+0x146c76]
V  [jvm.dll+0x132800]
V  [jvm.dll+0x132b80]
V  [jvm.dll+0x132e49]
V  [jvm.dll+0x1322af]
V  [jvm.dll+0x134071]
V  [jvm.dll+0x2253a8]
V  [jvm.dll+0x2233ec]
V  [jvm.dll+0x780002]
V  [jvm.dll+0x779b4a]
V  [jvm.dll+0x667666]
C  [ucrtbase.dll+0x26c0c]
C  [KERNEL32.DLL+0x15550]
C  [ntdll.dll+0x485b]


---------------  P R O C E S S  ---------------

Threads class SMR info:
_java_thread_list=0x000001f69003a640, length=20, elements={
0x000001f6ef1ef180, 0x000001f6fcff3fe0, 0x000001f6fcff5190, 0x000001f6fd006bd0,
0x000001f6fd0094f0, 0x000001f6fd00e420, 0x000001f6fd00ed30, 0x000001f6fd01a410,
0x000001f6fd01ae10, 0x000001f6fd01d770, 0x000001f6fd0ce980, 0x000001f6fdd267e0,
0x000001f6fdd26d00, 0x000001f6ff657230, 0x000001f6ff7f84b0, 0x000001f6fef747c0,
0x000001f6fdf885b0, 0x000001f6fdf88b00, 0x000001f6fdf88060, 0x000001f6fdf8b580
}

Java Threads: ( => current thread )
  0x000001f6ef1ef180 JavaThread "main" [_thread_in_native, id=33200, stack(0x0000004361b00000,0x0000004361c00000)]
  0x000001f6fcff3fe0 JavaThread "Reference Handler" daemon [_thread_blocked, id=27936, stack(0x0000004362200000,0x0000004362300000)]
  0x000001f6fcff5190 JavaThread "Finalizer" daemon [_thread_blocked, id=29796, stack(0x0000004362300000,0x0000004362400000)]
  0x000001f6fd006bd0 JavaThread "Signal Dispatcher" daemon [_thread_blocked, id=12252, stack(0x0000004362400000,0x0000004362500000)]
  0x000001f6fd0094f0 JavaThread "Attach Listener" daemon [_thread_blocked, id=11056, stack(0x0000004362500000,0x0000004362600000)]
  0x000001f6fd00e420 JavaThread "Service Thread" daemon [_thread_blocked, id=34396, stack(0x0000004362600000,0x0000004362700000)]
  0x000001f6fd00ed30 JavaThread "Monitor Deflation Thread" daemon [_thread_blocked, id=28176, stack(0x0000004362700000,0x0000004362800000)]
  0x000001f6fd01a410 JavaThread "C2 CompilerThread0" daemon [_thread_blocked, id=33968, stack(0x0000004362800000,0x0000004362900000)]
=>0x000001f6fd01ae10 JavaThread "C1 CompilerThread0" daemon [_thread_in_native, id=2388, stack(0x0000004362900000,0x0000004362a00000)]
  0x000001f6fd01d770 JavaThread "Sweeper thread" daemon [_thread_blocked, id=14504, stack(0x0000004362a00000,0x0000004362b00000)]
  0x000001f6fd0ce980 JavaThread "Common-Cleaner" daemon [_thread_blocked, id=22372, stack(0x0000004362b00000,0x0000004362c00000)]
  0x000001f6fdd267e0 JavaThread "Monitor Ctrl-Break" daemon [_thread_in_native, id=22580, stack(0x0000004362c00000,0x0000004362d00000)]
  0x000001f6fdd26d00 JavaThread "Notification Thread" daemon [_thread_blocked, id=33500, stack(0x0000004362d00000,0x0000004362e00000)]
  0x000001f6ff657230 JavaThread "resolver-1" daemon [_thread_blocked, id=7568, stack(0x0000004362f00000,0x0000004363000000)]
  0x000001f6ff7f84b0 JavaThread "resolver-2" daemon [_thread_blocked, id=34660, stack(0x0000004363400000,0x0000004363500000)]
  0x000001f6fef747c0 JavaThread "resolver-3" daemon [_thread_blocked, id=30296, stack(0x0000004363500000,0x0000004363600000)]
  0x000001f6fdf885b0 JavaThread "resolver-4" daemon [_thread_blocked, id=32724, stack(0x0000004363600000,0x0000004363700000)]
  0x000001f6fdf88b00 JavaThread "resolver-5" daemon [_thread_blocked, id=34280, stack(0x0000004363700000,0x0000004363800000)]
  0x000001f6fdf88060 JavaThread "Exec Stream Pumper" daemon [_thread_in_native, id=33964, stack(0x0000004363800000,0x0000004363900000)]
  0x000001f6fdf8b580 JavaThread "Exec Stream Pumper" daemon [_thread_in_native, id=19288, stack(0x0000004363900000,0x0000004363a00000)]

Other Threads:
  0x000001f6ef2cdd30 VMThread "VM Thread" [stack: 0x0000004362100000,0x0000004362200000] [id=1160]
  0x000001f6fdcbc800 WatcherThread [stack: 0x0000004362e00000,0x0000004362f00000] [id=34756]
  0x000001f6ef229a00 GCTaskThread "GC Thread#0" [stack: 0x0000004361c00000,0x0000004361d00000] [id=32844]
  0x000001f6fe431ed0 GCTaskThread "GC Thread#1" [stack: 0x0000004363000000,0x0000004363100000] [id=33388]
  0x000001f6fe79a7d0 GCTaskThread "GC Thread#2" [stack: 0x0000004363100000,0x0000004363200000] [id=19796]
  0x000001f6fe7b4930 GCTaskThread "GC Thread#3" [stack: 0x0000004363200000,0x0000004363300000] [id=26012]
  0x000001f6ef238a20 ConcurrentGCThread "G1 Main Marker" [stack: 0x0000004361d00000,0x0000004361e00000] [id=34100]
  0x000001f6ef239c30 ConcurrentGCThread "G1 Conc#0" [stack: 0x0000004361e00000,0x0000004361f00000] [id=34044]
  0x000001f6ef29ef20 ConcurrentGCThread "G1 Refine#0" [stack: 0x0000004361f00000,0x0000004362000000] [id=8680]
  0x000001f6fe432660 ConcurrentGCThread "G1 Refine#1" [stack: 0x0000004363300000,0x0000004363400000] [id=29184]
  0x000001f6ef29f9a0 ConcurrentGCThread "G1 Service" [stack: 0x0000004362000000,0x0000004362100000] [id=27992]

Threads with active compile tasks:
C1 CompilerThread0    52118 4894   !   3       org.fusesource.jansi.AnsiPrintStream::processEscapeCommand (965 bytes)

VM state: not at safepoint (normal execution)

VM Mutex/Monitor currently owned by a thread: None

Heap address: 0x0000000090c00000, size: 1780 MB, Compressed Oops mode: 32-bit

CDS archive(s) mapped at: [0x0000000800000000-0x0000000800bb0000-0x0000000800bb0000), size 12255232, SharedBaseAddress: 0x0000000800000000, ArchiveRelocationMode: 0.
Compressed class space mapped at: 0x0000000800c00000-0x0000000840c00000, reserved size: 1073741824
Narrow klass base: 0x0000000800000000, Narrow klass shift: 3, Narrow klass range: 0x100000000

GC Precious Log:
 CPUs: 4 total, 4 available
 Memory: 7115M
 Large Page Support: Disabled
 NUMA Support: Disabled
 Compressed Oops: Enabled (32-bit)
 Heap Region Size: 1M
 Heap Min Capacity: 8M
 Heap Initial Capacity: 112M
 Heap Max Capacity: 1780M
 Pre-touch: Disabled
 Parallel Workers: 4
 Concurrent Workers: 1
 Concurrent Refinement Workers: 4
 Periodic GC: Disabled

Heap:
 garbage-first heap   total 114688K, used 57600K [0x0000000090c00000, 0x0000000100000000)
  region size 1024K, 43 young (44032K), 3 survivors (3072K)
 Metaspace       used 18777K, committed 19008K, reserved 1073152K
  class space    used 1942K, committed 2048K, reserved 1048576K

Heap Regions: E=young(eden), S=young(survivor), O=old, HS=humongous(starts), HC=humongous(continues), CS=collection set, F=free, OA=open archive, CA=closed archive, TAMS=top-at-mark-start (previous, next)
|   0|0x0000000090c00000, 0x0000000090d00000, 0x0000000090d00000|100%| O|  |TAMS 0x0000000090c00000, 0x0000000090d00000| Untracked 
|   1|0x0000000090d00000, 0x0000000090e00000, 0x0000000090e00000|100%| O|  |TAMS 0x0000000090d00000, 0x0000000090e00000| Untracked 
|   2|0x0000000090e00000, 0x0000000090f00000, 0x0000000090f00000|100%| O|  |TAMS 0x0000000090e00000, 0x0000000090f00000| Untracked 
|   3|0x0000000090f00000, 0x0000000091000000, 0x0000000091000000|100%| O|  |TAMS 0x0000000090f00000, 0x0000000091000000| Untracked 
|   4|0x0000000091000000, 0x0000000091100000, 0x0000000091100000|100%| O|  |TAMS 0x0000000091000000, 0x0000000091100000| Untracked 
|   5|0x0000000091100000, 0x0000000091200000, 0x0000000091200000|100%| O|  |TAMS 0x0000000091100000, 0x0000000091200000| Untracked 
|   6|0x0000000091200000, 0x0000000091300000, 0x0000000091300000|100%| O|  |TAMS 0x0000000091200000, 0x0000000091300000| Untracked 
|   7|0x0000000091300000, 0x0000000091400000, 0x0000000091400000|100%| O|  |TAMS 0x0000000091300000, 0x0000000091400000| Untracked 
|   8|0x0000000091400000, 0x0000000091500000, 0x0000000091500000|100%| O|  |TAMS 0x0000000091400000, 0x0000000091500000| Untracked 
|   9|0x0000000091500000, 0x0000000091600000, 0x0000000091600000|100%| O|  |TAMS 0x0000000091500000, 0x0000000091600000| Untracked 
|  10|0x0000000091600000, 0x0000000091700000, 0x0000000091700000|100%| O|  |TAMS 0x0000000091600000, 0x000000009169b000| Untracked 
|  11|0x0000000091700000, 0x0000000091700000, 0x0000000091800000|  0%| F|  |TAMS 0x0000000091700000, 0x0000000091700000| Untracked 
|  12|0x0000000091800000, 0x0000000091800000, 0x0000000091900000|  0%| F|  |TAMS 0x0000000091800000, 0x0000000091800000| Untracked 
|  13|0x0000000091900000, 0x0000000091900000, 0x0000000091a00000|  0%| F|  |TAMS 0x0000000091900000, 0x0000000091900000| Untracked 
|  14|0x0000000091a00000, 0x0000000091a00000, 0x0000000091b00000|  0%| F|  |TAMS 0x0000000091a00000, 0x0000000091a00000| Untracked 
|  15|0x0000000091b00000, 0x0000000091b00000, 0x0000000091c00000|  0%| F|  |TAMS 0x0000000091b00000, 0x0000000091b00000| Untracked 
|  16|0x0000000091c00000, 0x0000000091c00000, 0x0000000091d00000|  0%| F|  |TAMS 0x0000000091c00000, 0x0000000091c00000| Untracked 
|  17|0x0000000091d00000, 0x0000000091d00000, 0x0000000091e00000|  0%| F|  |TAMS 0x0000000091d00000, 0x0000000091d00000| Untracked 
|  18|0x0000000091e00000, 0x0000000091e00000, 0x0000000091f00000|  0%| F|  |TAMS 0x0000000091e00000, 0x0000000091e00000| Untracked 
|  19|0x0000000091f00000, 0x0000000091f00000, 0x0000000092000000|  0%| F|  |TAMS 0x0000000091f00000, 0x0000000091f00000| Untracked 
|  20|0x0000000092000000, 0x0000000092000000, 0x0000000092100000|  0%| F|  |TAMS 0x0000000092000000, 0x0000000092000000| Untracked 
|  21|0x0000000092100000, 0x0000000092100000, 0x0000000092200000|  0%| F|  |TAMS 0x0000000092100000, 0x0000000092100000| Untracked 
|  22|0x0000000092200000, 0x0000000092200000, 0x0000000092300000|  0%| F|  |TAMS 0x0000000092200000, 0x0000000092200000| Untracked 
|  23|0x0000000092300000, 0x0000000092300000, 0x0000000092400000|  0%| F|  |TAMS 0x0000000092300000, 0x0000000092300000| Untracked 
|  24|0x0000000092400000, 0x0000000092400000, 0x0000000092500000|  0%| F|  |TAMS 0x0000000092400000, 0x0000000092400000| Untracked 
|  25|0x0000000092500000, 0x0000000092500000, 0x0000000092600000|  0%| F|  |TAMS 0x0000000092500000, 0x0000000092500000| Untracked 
|  26|0x0000000092600000, 0x0000000092600000, 0x0000000092700000|  0%| F|  |TAMS 0x0000000092600000, 0x0000000092600000| Untracked 
|  27|0x0000000092700000, 0x0000000092700000, 0x0000000092800000|  0%| F|  |TAMS 0x0000000092700000, 0x0000000092700000| Untracked 
|  28|0x0000000092800000, 0x0000000092800000, 0x0000000092900000|  0%| F|  |TAMS 0x0000000092800000, 0x0000000092800000| Untracked 
|  29|0x0000000092900000, 0x0000000092900000, 0x0000000092a00000|  0%| F|  |TAMS 0x0000000092900000, 0x0000000092900000| Untracked 
|  30|0x0000000092a00000, 0x0000000092a00000, 0x0000000092b00000|  0%| F|  |TAMS 0x0000000092a00000, 0x0000000092a00000| Untracked 
|  31|0x0000000092b00000, 0x0000000092b00000, 0x0000000092c00000|  0%| F|  |TAMS 0x0000000092b00000, 0x0000000092b00000| Untracked 
|  32|0x0000000092c00000, 0x0000000092c00000, 0x0000000092d00000|  0%| F|  |TAMS 0x0000000092c00000, 0x0000000092c00000| Untracked 
|  33|0x0000000092d00000, 0x0000000092d00000, 0x0000000092e00000|  0%| F|  |TAMS 0x0000000092d00000, 0x0000000092d00000| Untracked 
|  34|0x0000000092e00000, 0x0000000092e00000, 0x0000000092f00000|  0%| F|  |TAMS 0x0000000092e00000, 0x0000000092e00000| Untracked 
|  35|0x0000000092f00000, 0x0000000092f00000, 0x0000000093000000|  0%| F|  |TAMS 0x0000000092f00000, 0x0000000092f00000| Untracked 
|  36|0x0000000093000000, 0x0000000093000000, 0x0000000093100000|  0%| F|  |TAMS 0x0000000093000000, 0x0000000093000000| Untracked 
|  37|0x0000000093100000, 0x0000000093100000, 0x0000000093200000|  0%| F|  |TAMS 0x0000000093100000, 0x0000000093100000| Untracked 
|  38|0x0000000093200000, 0x0000000093200000, 0x0000000093300000|  0%| F|  |TAMS 0x0000000093200000, 0x0000000093200000| Untracked 
|  39|0x0000000093300000, 0x0000000093300000, 0x0000000093400000|  0%| F|  |TAMS 0x0000000093300000, 0x0000000093300000| Untracked 
|  40|0x0000000093400000, 0x0000000093400000, 0x0000000093500000|  0%| F|  |TAMS 0x0000000093400000, 0x0000000093400000| Untracked 
|  41|0x0000000093500000, 0x0000000093500000, 0x0000000093600000|  0%| F|  |TAMS 0x0000000093500000, 0x0000000093500000| Untracked 
|  42|0x0000000093600000, 0x0000000093600000, 0x0000000093700000|  0%| F|  |TAMS 0x0000000093600000, 0x0000000093600000| Untracked 
|  43|0x0000000093700000, 0x0000000093700000, 0x0000000093800000|  0%| F|  |TAMS 0x0000000093700000, 0x0000000093700000| Untracked 
|  44|0x0000000093800000, 0x0000000093800000, 0x0000000093900000|  0%| F|  |TAMS 0x0000000093800000, 0x0000000093800000| Untracked 
|  45|0x0000000093900000, 0x0000000093900000, 0x0000000093a00000|  0%| F|  |TAMS 0x0000000093900000, 0x0000000093900000| Untracked 
|  46|0x0000000093a00000, 0x0000000093a00000, 0x0000000093b00000|  0%| F|  |TAMS 0x0000000093a00000, 0x0000000093a00000| Untracked 
|  47|0x0000000093b00000, 0x0000000093b00000, 0x0000000093c00000|  0%| F|  |TAMS 0x0000000093b00000, 0x0000000093b00000| Untracked 
|  48|0x0000000093c00000, 0x0000000093c00000, 0x0000000093d00000|  0%| F|  |TAMS 0x0000000093c00000, 0x0000000093c00000| Untracked 
|  49|0x0000000093d00000, 0x0000000093d00000, 0x0000000093e00000|  0%| F|  |TAMS 0x0000000093d00000, 0x0000000093d00000| Untracked 
|  50|0x0000000093e00000, 0x0000000093e00000, 0x0000000093f00000|  0%| F|  |TAMS 0x0000000093e00000, 0x0000000093e00000| Untracked 
|  51|0x0000000093f00000, 0x0000000094000000, 0x0000000094000000|100%| O|  |TAMS 0x0000000093f00000, 0x0000000093f00000| Untracked 
|  52|0x0000000094000000, 0x0000000094100000, 0x0000000094100000|100%| O|  |TAMS 0x0000000094000000, 0x0000000094000000| Untracked 
|  53|0x0000000094100000, 0x0000000094200000, 0x0000000094200000|100%| O|  |TAMS 0x0000000094100000, 0x0000000094100000| Untracked 
|  54|0x0000000094200000, 0x0000000094243600, 0x0000000094300000| 26%| O|  |TAMS 0x0000000094200000, 0x0000000094200000| Untracked 
|  55|0x0000000094300000, 0x0000000094300000, 0x0000000094400000|  0%| F|  |TAMS 0x0000000094300000, 0x0000000094300000| Untracked 
|  56|0x0000000094400000, 0x0000000094400000, 0x0000000094500000|  0%| F|  |TAMS 0x0000000094400000, 0x0000000094400000| Untracked 
|  57|0x0000000094500000, 0x0000000094500000, 0x0000000094600000|  0%| F|  |TAMS 0x0000000094500000, 0x0000000094500000| Untracked 
|  58|0x0000000094600000, 0x0000000094600000, 0x0000000094700000|  0%| F|  |TAMS 0x0000000094600000, 0x0000000094600000| Untracked 
|  59|0x0000000094700000, 0x0000000094700000, 0x0000000094800000|  0%| F|  |TAMS 0x0000000094700000, 0x0000000094700000| Untracked 
|  60|0x0000000094800000, 0x0000000094800000, 0x0000000094900000|  0%| F|  |TAMS 0x0000000094800000, 0x0000000094800000| Untracked 
|  61|0x0000000094900000, 0x0000000094900000, 0x0000000094a00000|  0%| F|  |TAMS 0x0000000094900000, 0x0000000094900000| Untracked 
|  62|0x0000000094a00000, 0x0000000094a00000, 0x0000000094b00000|  0%| F|  |TAMS 0x0000000094a00000, 0x0000000094a00000| Untracked 
|  63|0x0000000094b00000, 0x0000000094b00000, 0x0000000094c00000|  0%| F|  |TAMS 0x0000000094b00000, 0x0000000094b00000| Untracked 
|  64|0x0000000094c00000, 0x0000000094cfcbe8, 0x0000000094d00000| 98%| S|CS|TAMS 0x0000000094c00000, 0x0000000094c00000| Complete 
|  65|0x0000000094d00000, 0x0000000094e00000, 0x0000000094e00000|100%| S|CS|TAMS 0x0000000094d00000, 0x0000000094d00000| Complete 
|  66|0x0000000094e00000, 0x0000000094f00000, 0x0000000094f00000|100%| S|CS|TAMS 0x0000000094e00000, 0x0000000094e00000| Complete 
|  67|0x0000000094f00000, 0x0000000094f00000, 0x0000000095000000|  0%| F|  |TAMS 0x0000000094f00000, 0x0000000094f00000| Untracked 
|  68|0x0000000095000000, 0x0000000095000000, 0x0000000095100000|  0%| F|  |TAMS 0x0000000095000000, 0x0000000095000000| Untracked 
|  69|0x0000000095100000, 0x0000000095100000, 0x0000000095200000|  0%| F|  |TAMS 0x0000000095100000, 0x0000000095100000| Untracked 
|  70|0x0000000095200000, 0x0000000095200000, 0x0000000095300000|  0%| F|  |TAMS 0x0000000095200000, 0x0000000095200000| Untracked 
|  71|0x0000000095300000, 0x0000000095300000, 0x0000000095400000|  0%| F|  |TAMS 0x0000000095300000, 0x0000000095300000| Untracked 
|  72|0x0000000095400000, 0x0000000095480800, 0x0000000095500000| 50%| E|  |TAMS 0x0000000095400000, 0x0000000095400000| Complete 
|  73|0x0000000095500000, 0x0000000095600000, 0x0000000095600000|100%| E|CS|TAMS 0x0000000095500000, 0x0000000095500000| Complete 
|  74|0x0000000095600000, 0x0000000095700000, 0x0000000095700000|100%| E|CS|TAMS 0x0000000095600000, 0x0000000095600000| Complete 
|  75|0x0000000095700000, 0x0000000095800000, 0x0000000095800000|100%| E|CS|TAMS 0x0000000095700000, 0x0000000095700000| Complete 
|  76|0x0000000095800000, 0x0000000095900000, 0x0000000095900000|100%| E|CS|TAMS 0x0000000095800000, 0x0000000095800000| Complete 
|  77|0x0000000095900000, 0x0000000095a00000, 0x0000000095a00000|100%| E|CS|TAMS 0x0000000095900000, 0x0000000095900000| Complete 
|  78|0x0000000095a00000, 0x0000000095b00000, 0x0000000095b00000|100%| E|CS|TAMS 0x0000000095a00000, 0x0000000095a00000| Complete 
|  79|0x0000000095b00000, 0x0000000095c00000, 0x0000000095c00000|100%| E|CS|TAMS 0x0000000095b00000, 0x0000000095b00000| Complete 
|  80|0x0000000095c00000, 0x0000000095d00000, 0x0000000095d00000|100%| E|CS|TAMS 0x0000000095c00000, 0x0000000095c00000| Complete 
|  81|0x0000000095d00000, 0x0000000095e00000, 0x0000000095e00000|100%| E|CS|TAMS 0x0000000095d00000, 0x0000000095d00000| Complete 
|  82|0x0000000095e00000, 0x0000000095f00000, 0x0000000095f00000|100%| E|CS|TAMS 0x0000000095e00000, 0x0000000095e00000| Complete 
|  83|0x0000000095f00000, 0x0000000096000000, 0x0000000096000000|100%| E|CS|TAMS 0x0000000095f00000, 0x0000000095f00000| Complete 
|  84|0x0000000096000000, 0x0000000096100000, 0x0000000096100000|100%| E|CS|TAMS 0x0000000096000000, 0x0000000096000000| Complete 
|  85|0x0000000096100000, 0x0000000096200000, 0x0000000096200000|100%| E|CS|TAMS 0x0000000096100000, 0x0000000096100000| Complete 
|  86|0x0000000096200000, 0x0000000096300000, 0x0000000096300000|100%| E|CS|TAMS 0x0000000096200000, 0x0000000096200000| Complete 
|  87|0x0000000096300000, 0x0000000096400000, 0x0000000096400000|100%| E|CS|TAMS 0x0000000096300000, 0x0000000096300000| Complete 
|  88|0x0000000096400000, 0x0000000096500000, 0x0000000096500000|100%| E|CS|TAMS 0x0000000096400000, 0x0000000096400000| Complete 
|  89|0x0000000096500000, 0x0000000096600000, 0x0000000096600000|100%| E|CS|TAMS 0x0000000096500000, 0x0000000096500000| Complete 
|  90|0x0000000096600000, 0x0000000096700000, 0x0000000096700000|100%| E|CS|TAMS 0x0000000096600000, 0x0000000096600000| Complete 
|  91|0x0000000096700000, 0x0000000096800000, 0x0000000096800000|100%| E|CS|TAMS 0x0000000096700000, 0x0000000096700000| Complete 
|  92|0x0000000096800000, 0x0000000096900000, 0x0000000096900000|100%| E|CS|TAMS 0x0000000096800000, 0x0000000096800000| Complete 
|  93|0x0000000096900000, 0x0000000096a00000, 0x0000000096a00000|100%| E|CS|TAMS 0x0000000096900000, 0x0000000096900000| Complete 
|  94|0x0000000096a00000, 0x0000000096b00000, 0x0000000096b00000|100%| E|CS|TAMS 0x0000000096a00000, 0x0000000096a00000| Complete 
|  95|0x0000000096b00000, 0x0000000096c00000, 0x0000000096c00000|100%| E|CS|TAMS 0x0000000096b00000, 0x0000000096b00000| Complete 
|  96|0x0000000096c00000, 0x0000000096d00000, 0x0000000096d00000|100%| E|CS|TAMS 0x0000000096c00000, 0x0000000096c00000| Complete 
|  97|0x0000000096d00000, 0x0000000096e00000, 0x0000000096e00000|100%| E|CS|TAMS 0x0000000096d00000, 0x0000000096d00000| Complete 
|  98|0x0000000096e00000, 0x0000000096f00000, 0x0000000096f00000|100%| E|CS|TAMS 0x0000000096e00000, 0x0000000096e00000| Complete 
|  99|0x0000000096f00000, 0x0000000097000000, 0x0000000097000000|100%| E|CS|TAMS 0x0000000096f00000, 0x0000000096f00000| Complete 
| 100|0x0000000097000000, 0x0000000097100000, 0x0000000097100000|100%| E|CS|TAMS 0x0000000097000000, 0x0000000097000000| Complete 
| 101|0x0000000097100000, 0x0000000097200000, 0x0000000097200000|100%| E|CS|TAMS 0x0000000097100000, 0x0000000097100000| Complete 
| 102|0x0000000097200000, 0x0000000097300000, 0x0000000097300000|100%| E|CS|TAMS 0x0000000097200000, 0x0000000097200000| Complete 
| 103|0x0000000097300000, 0x0000000097400000, 0x0000000097400000|100%| E|CS|TAMS 0x0000000097300000, 0x0000000097300000| Complete 
| 104|0x0000000097400000, 0x0000000097500000, 0x0000000097500000|100%| E|CS|TAMS 0x0000000097400000, 0x0000000097400000| Complete 
| 105|0x0000000097500000, 0x0000000097600000, 0x0000000097600000|100%| E|CS|TAMS 0x0000000097500000, 0x0000000097500000| Complete 
| 106|0x0000000097600000, 0x0000000097700000, 0x0000000097700000|100%| E|CS|TAMS 0x0000000097600000, 0x0000000097600000| Complete 
| 107|0x0000000097700000, 0x0000000097800000, 0x0000000097800000|100%| E|CS|TAMS 0x0000000097700000, 0x0000000097700000| Complete 
| 108|0x0000000097800000, 0x0000000097900000, 0x0000000097900000|100%| E|CS|TAMS 0x0000000097800000, 0x0000000097800000| Complete 
| 109|0x0000000097900000, 0x0000000097a00000, 0x0000000097a00000|100%| E|CS|TAMS 0x0000000097900000, 0x0000000097900000| Complete 
| 110|0x0000000097a00000, 0x0000000097b00000, 0x0000000097b00000|100%| E|CS|TAMS 0x0000000097a00000, 0x0000000097a00000| Complete 
| 111|0x0000000097b00000, 0x0000000097c00000, 0x0000000097c00000|100%| E|CS|TAMS 0x0000000097b00000, 0x0000000097b00000| Complete 

Card table byte_map: [0x000001f6f6cf0000,0x000001f6f7070000] _byte_map_base: 0x000001f6f686a000

Marking Bits (Prev, Next): (CMBitMap*) 0x000001f6ef22a070, (CMBitMap*) 0x000001f6ef22a0b0
 Prev Bits: [0x000001f6f73f0000, 0x000001f6f8fc0000)
 Next Bits: [0x000001f6f8fc0000, 0x000001f6fab90000)

Polling page: 0x000001f6ee9d0000

Metaspace:

Usage:
  Non-class:     16.44 MB used.
      Class:      1.90 MB used.
       Both:     18.34 MB used.

Virtual space:
  Non-class space:       24.00 MB reserved,      16.56 MB ( 69%) committed,  3 nodes.
      Class space:        1.00 GB reserved,       2.00 MB ( <1%) committed,  1 nodes.
              Both:        1.02 GB reserved,      18.56 MB (  2%) committed. 

Chunk freelists:
   Non-Class:  2.97 MB
       Class:  2.00 MB
        Both:  4.97 MB

MaxMetaspaceSize: 17179869184.00 GB
CompressedClassSpaceSize: 1.00 GB
 - commit_granule_bytes: 65536.
 - commit_granule_words: 8192.
 - virtual_space_node_default_size: 1048576.
 - enlarge_chunks_in_place: 1.
 - new_chunks_are_fully_committed: 0.
 - uncommit_free_chunks: 1.
 - use_allocation_guard: 0.
 - handle_deallocations: 1.


Internal statistics:

num_allocs_failed_limit: 0.
num_arena_births: 118.
num_arena_deaths: 0.
num_vsnodes_births: 4.
num_vsnodes_deaths: 0.
num_space_committed: 297.
num_space_uncommitted: 0.
num_chunks_returned_to_freelist: 0.
num_chunks_taken_from_freelist: 740.
num_chunk_merges: 0.
num_chunk_splits: 520.
num_chunks_enlarged: 408.
num_purges: 0.

CodeHeap 'non-profiled nmethods': size=120000Kb used=2993Kb max_used=2993Kb free=117006Kb
 bounds [0x000001f687ad0000, 0x000001f687dc0000, 0x000001f68f000000]
CodeHeap 'profiled nmethods': size=120000Kb used=10701Kb max_used=10701Kb free=109298Kb
 bounds [0x000001f6805a0000, 0x000001f681020000, 0x000001f687ad0000]
CodeHeap 'non-nmethods': size=5760Kb used=1231Kb max_used=1307Kb free=4528Kb
 bounds [0x000001f680000000, 0x000001f680270000, 0x000001f6805a0000]
 total_blobs=5424 nmethods=4892 adapters=444
 compilation: enabled
              stopped_count=0, restarted_count=0
 full_count=0

Compilation events (20 events):
Event: 29.054 Thread 0x000001f6fd01ae10 4887       3       java.util.Collections$UnmodifiableMap$UnmodifiableEntrySet$1::hasNext (10 bytes)
Event: 29.055 Thread 0x000001f6fd01ae10 nmethod 4887 0x000001f68100e910 code [0x000001f68100eac0, 0x000001f68100eca8]
Event: 29.055 Thread 0x000001f6fd01ae10 4884       3       java.lang.ProcessEnvironment$CheckedEntrySet$1::next (5 bytes)
Event: 29.055 Thread 0x000001f6fd01ae10 nmethod 4884 0x000001f68100ed90 code [0x000001f68100ef60, 0x000001f68100f448]
Event: 29.055 Thread 0x000001f6fd01ae10 4885       3       java.lang.ProcessEnvironment$CheckedEntrySet$1::next (20 bytes)
Event: 29.055 Thread 0x000001f6fd01ae10 nmethod 4885 0x000001f68100f610 code [0x000001f68100f7e0, 0x000001f68100fc68]
Event: 29.055 Thread 0x000001f6fd01ae10 4886       3       java.lang.ProcessEnvironment$CheckedEntry::<init> (10 bytes)
Event: 29.055 Thread 0x000001f6fd01ae10 nmethod 4886 0x000001f68100fd90 code [0x000001f68100ff40, 0x000001f6810100f8]
Event: 29.063 Thread 0x000001f6fd01a410 nmethod 4888 0x000001f687dbbb90 code [0x000001f687dbbd40, 0x000001f687dbc3f8]
Event: 52.041 Thread 0x000001f6fd01ae10 4889       3       java.lang.Integer::valueOf (32 bytes)
Event: 52.041 Thread 0x000001f6fd01ae10 nmethod 4889 0x000001f681010190 code [0x000001f681010360, 0x000001f681010698]
Event: 52.048 Thread 0x000001f6fd01ae10 4890       3       java.lang.Integer::toString (8 bytes)
Event: 52.048 Thread 0x000001f6fd01ae10 nmethod 4890 0x000001f681010810 code [0x000001f6810109c0, 0x000001f681010b08]
Event: 52.053 Thread 0x000001f6fd01ae10 4891       3       org.fusesource.jansi.Ansi::flushAttributes (94 bytes)
Event: 52.054 Thread 0x000001f6fd01ae10 nmethod 4891 0x000001f681010b90 code [0x000001f681010e20, 0x000001f681011b68]
Event: 52.054 Thread 0x000001f6fd01ae10 4892       3       java.lang.Integer::toString (55 bytes)
Event: 52.055 Thread 0x000001f6fd01ae10 nmethod 4892 0x000001f681012010 code [0x000001f6810121e0, 0x000001f681012578]
Event: 52.055 Thread 0x000001f6fd01ae10 4893       3       org.fusesource.jansi.Ansi::a (17 bytes)
Event: 52.055 Thread 0x000001f6fd01ae10 nmethod 4893 0x000001f681012710 code [0x000001f681012920, 0x000001f681013128]
Event: 52.055 Thread 0x000001f6fd01ae10 4894   !   3       org.fusesource.jansi.AnsiPrintStream::processEscapeCommand (965 bytes)

GC Heap History (16 events):
Event: 0.957 GC heap before
{Heap before GC invocations=0 (full 0):
 garbage-first heap   total 114688K, used 13312K [0x0000000090c00000, 0x0000000100000000)
  region size 1024K, 13 young (13312K), 0 survivors (0K)
 Metaspace       used 3794K, committed 3968K, reserved 1056768K
  class space    used 361K, committed 448K, reserved 1048576K
}
Event: 0.963 GC heap after
{Heap after GC invocations=1 (full 0):
 garbage-first heap   total 114688K, used 3532K [0x0000000090c00000, 0x0000000100000000)
  region size 1024K, 2 young (2048K), 2 survivors (2048K)
 Metaspace       used 3794K, committed 3968K, reserved 1056768K
  class space    used 361K, committed 448K, reserved 1048576K
}
Event: 1.295 GC heap before
{Heap before GC invocations=1 (full 0):
 garbage-first heap   total 114688K, used 15820K [0x0000000090c00000, 0x0000000100000000)
  region size 1024K, 14 young (14336K), 2 survivors (2048K)
 Metaspace       used 5947K, committed 6080K, reserved 1056768K
  class space    used 655K, committed 704K, reserved 1048576K
}
Event: 1.299 GC heap after
{Heap after GC invocations=2 (full 0):
 garbage-first heap   total 114688K, used 4393K [0x0000000090c00000, 0x0000000100000000)
  region size 1024K, 1 young (1024K), 1 survivors (1024K)
 Metaspace       used 5947K, committed 6080K, reserved 1056768K
  class space    used 655K, committed 704K, reserved 1048576K
}
Event: 1.884 GC heap before
{Heap before GC invocations=2 (full 0):
 garbage-first heap   total 114688K, used 34089K [0x0000000090c00000, 0x0000000100000000)
  region size 1024K, 30 young (30720K), 1 survivors (1024K)
 Metaspace       used 9875K, committed 10112K, reserved 1064960K
  class space    used 1150K, committed 1280K, reserved 1048576K
}
Event: 1.890 GC heap after
{Heap after GC invocations=3 (full 0):
 garbage-first heap   total 114688K, used 5689K [0x0000000090c00000, 0x0000000100000000)
  region size 1024K, 3 young (3072K), 3 survivors (3072K)
 Metaspace       used 9875K, committed 10112K, reserved 1064960K
  class space    used 1150K, committed 1280K, reserved 1048576K
}
Event: 4.095 GC heap before
{Heap before GC invocations=3 (full 0):
 garbage-first heap   total 114688K, used 71225K [0x0000000090c00000, 0x0000000100000000)
  region size 1024K, 67 young (68608K), 3 survivors (3072K)
 Metaspace       used 13855K, committed 14016K, reserved 1064960K
  class space    used 1513K, committed 1600K, reserved 1048576K
}
Event: 4.112 GC heap after
{Heap after GC invocations=4 (full 0):
 garbage-first heap   total 114688K, used 11532K [0x0000000090c00000, 0x0000000100000000)
  region size 1024K, 8 young (8192K), 8 survivors (8192K)
 Metaspace       used 13855K, committed 14016K, reserved 1064960K
  class space    used 1513K, committed 1600K, reserved 1048576K
}
Event: 15.521 GC heap before
{Heap before GC invocations=4 (full 0):
 garbage-first heap   total 114688K, used 71948K [0x0000000090c00000, 0x0000000100000000)
  region size 1024K, 67 young (68608K), 8 survivors (8192K)
 Metaspace       used 15215K, committed 15424K, reserved 1064960K
  class space    used 1639K, committed 1728K, reserved 1048576K
}
Event: 15.537 GC heap after
{Heap after GC invocations=5 (full 0):
 garbage-first heap   total 114688K, used 14956K [0x0000000090c00000, 0x0000000100000000)
  region size 1024K, 4 young (4096K), 4 survivors (4096K)
 Metaspace       used 15215K, committed 15424K, reserved 1064960K
  class space    used 1639K, committed 1728K, reserved 1048576K
}
Event: 16.055 GC heap before
{Heap before GC invocations=5 (full 0):
 garbage-first heap   total 114688K, used 69228K [0x0000000090c00000, 0x0000000100000000)
  region size 1024K, 26 young (26624K), 4 survivors (4096K)
 Metaspace       used 16006K, committed 16192K, reserved 1064960K
  class space    used 1703K, committed 1792K, reserved 1048576K
}
Event: 16.060 GC heap after
{Heap after GC invocations=6 (full 0):
 garbage-first heap   total 114688K, used 48748K [0x0000000090c00000, 0x0000000100000000)
  region size 1024K, 5 young (5120K), 5 survivors (5120K)
 Metaspace       used 16006K, committed 16192K, reserved 1064960K
  class space    used 1703K, committed 1792K, reserved 1048576K
}
Event: 16.065 GC heap before
{Heap before GC invocations=6 (full 0):
 garbage-first heap   total 114688K, used 56940K [0x0000000090c00000, 0x0000000100000000)
  region size 1024K, 6 young (6144K), 5 survivors (5120K)
 Metaspace       used 16028K, committed 16192K, reserved 1064960K
  class space    used 1705K, committed 1792K, reserved 1048576K
}
Event: 16.070 GC heap after
{Heap after GC invocations=7 (full 0):
 garbage-first heap   total 114688K, used 48851K [0x0000000090c00000, 0x0000000100000000)
  region size 1024K, 2 young (2048K), 2 survivors (2048K)
 Metaspace       used 16028K, committed 16192K, reserved 1064960K
  class space    used 1705K, committed 1792K, reserved 1048576K
}
Event: 17.050 GC heap before
{Heap before GC invocations=7 (full 0):
 garbage-first heap   total 114688K, used 101075K [0x0000000090c00000, 0x0000000100000000)
  region size 1024K, 45 young (46080K), 2 survivors (2048K)
 Metaspace       used 16782K, committed 17088K, reserved 1064960K
  class space    used 1746K, committed 1856K, reserved 1048576K
}
Event: 17.055 GC heap after
{Heap after GC invocations=8 (full 0):
 garbage-first heap   total 114688K, used 17664K [0x0000000090c00000, 0x0000000100000000)
  region size 1024K, 3 young (3072K), 3 survivors (3072K)
 Metaspace       used 16782K, committed 17088K, reserved 1064960K
  class space    used 1746K, committed 1856K, reserved 1048576K
}

Deoptimization events (20 events):
Event: 28.269 Thread 0x000001f6fdf89050 Uncommon trap: trap_request=0xffffff45 fr.pc=0x000001f687bff65c relative=0x000000000000019c
Event: 28.269 Thread 0x000001f6fdf89050 Uncommon trap: reason=unstable_if action=reinterpret pc=0x000001f687bff65c method=java.nio.charset.CharsetEncoder.encode(Ljava/nio/CharBuffer;Ljava/nio/ByteBuffer;Z)Ljava/nio/charset/CoderResult; @ 82 c2
Event: 28.269 Thread 0x000001f6fdf89050 DEOPT PACKING pc=0x000001f687bff65c sp=0x0000004363afea30
Event: 28.269 Thread 0x000001f6fdf89050 DEOPT UNPACKING pc=0x000001f68004d72e sp=0x0000004363afe958 mode 2
Event: 28.274 Thread 0x000001f6fdf89050 Uncommon trap: trap_request=0xffffff45 fr.pc=0x000001f687db2f68 relative=0x0000000000000048
Event: 28.274 Thread 0x000001f6fdf89050 Uncommon trap: reason=unstable_if action=reinterpret pc=0x000001f687db2f68 method=org.apache.maven.plugin.surefire.report.StatelessXmlReporter.isIllegalEscape(I)Z @ 7 c2
Event: 28.274 Thread 0x000001f6fdf89050 DEOPT PACKING pc=0x000001f687db2f68 sp=0x0000004363afebf0
Event: 28.274 Thread 0x000001f6fdf89050 DEOPT UNPACKING pc=0x000001f68004d72e sp=0x0000004363afeb28 mode 2
Event: 28.290 Thread 0x000001f6fdf89050 Uncommon trap: trap_request=0xffffff45 fr.pc=0x000001f687d7b888 relative=0x0000000000000268
Event: 28.290 Thread 0x000001f6fdf89050 Uncommon trap: reason=unstable_if action=reinterpret pc=0x000001f687d7b888 method=java.io.BufferedOutputStream.write([BII)V @ 35 c2
Event: 28.290 Thread 0x000001f6fdf89050 DEOPT PACKING pc=0x000001f687d7b888 sp=0x0000004363afea70
Event: 28.290 Thread 0x000001f6fdf89050 DEOPT UNPACKING pc=0x000001f68004d72e sp=0x0000004363afea18 mode 2
Event: 29.054 Thread 0x000001f6ef1ef180 Uncommon trap: trap_request=0xffffffde fr.pc=0x000001f687ca9cb8 relative=0x0000000000000118
Event: 29.054 Thread 0x000001f6ef1ef180 Uncommon trap: reason=class_check action=maybe_recompile pc=0x000001f687ca9cb8 method=java.util.regex.Pattern$BmpCharPredicate.lambda$union$2(Ljava/util/regex/Pattern$CharPredicate;I)Z @ 12 c2
Event: 29.054 Thread 0x000001f6ef1ef180 DEOPT PACKING pc=0x000001f687ca9cb8 sp=0x0000004361bfd7b0
Event: 29.054 Thread 0x000001f6ef1ef180 DEOPT UNPACKING pc=0x000001f68004d72e sp=0x0000004361bfd6c8 mode 2
Event: 29.054 Thread 0x000001f6ef1ef180 Uncommon trap: trap_request=0xffffff45 fr.pc=0x000001f687b639a4 relative=0x0000000000000084
Event: 29.054 Thread 0x000001f6ef1ef180 Uncommon trap: reason=unstable_if action=reinterpret pc=0x000001f687b639a4 method=java.lang.CharacterDataLatin1.isWhitespace(I)Z @ 14 c2
Event: 29.054 Thread 0x000001f6ef1ef180 DEOPT PACKING pc=0x000001f687b639a4 sp=0x0000004361bfd900
Event: 29.054 Thread 0x000001f6ef1ef180 DEOPT UNPACKING pc=0x000001f68004d72e sp=0x0000004361bfd870 mode 2

Classes unloaded (0 events):
No events

Classes redefined (0 events):
No events

Internal exceptions (20 events):
Event: 0.450 Thread 0x000001f6ef1ef180 Exception <a 'java/lang/NoSuchMethodError'{0x000000009767b8c8}: 'java.lang.Object java.lang.invoke.DirectMethodHandle$Holder.invokeStaticInit(java.lang.Object, int, int, int, int)'> (0x000000009767b8c8) 
thrown [t:\workspace\open\src\hotspot\share\interpreter\linkResolver.cpp, line 790]
Event: 0.571 Thread 0x000001f6ef1ef180 Exception <a 'java/lang/NoSuchMethodError'{0x00000000975254a8}: 'java.lang.Object java.lang.invoke.DirectMethodHandle$Holder.invokeStaticInit(java.lang.Object, java.lang.Object, int, int, int, int)'> (0x00000000975254a8) 
thrown [t:\workspace\open\src\hotspot\share\interpreter\linkResolver.cpp, line 790]
Event: 0.919 Thread 0x000001f6ef1ef180 Exception <a 'java/lang/NoSuchMethodError'{0x0000000096f12df8}: 'void java.lang.invoke.DirectMethodHandle$Holder.invokeSpecial(java.lang.Object, java.lang.Object, java.lang.Object)'> (0x0000000096f12df8) 
thrown [t:\workspace\open\src\hotspot\share\interpreter\linkResolver.cpp, line 790]
Event: 1.132 Thread 0x000001f6ef1ef180 Exception <a 'java/lang/NoSuchMethodError'{0x00000000976078e0}: 'java.lang.Object java.lang.invoke.DirectMethodHandle$Holder.newInvokeSpecial(java.lang.Object, java.lang.Object, java.lang.Object, java.lang.Object, java.lang.Object)'> (0x00000000976078e0) 
thrown [t:\workspace\open\src\hotspot\share\interpreter\linkResolver.cpp, line 790]
Event: 2.051 Thread 0x000001f6ef1ef180 Exception <a 'java/lang/NoClassDefFoundError'{0x0000000097547628}: com/google/inject/servlet/ServletModuleTargetVisitor> (0x0000000097547628) 
thrown [t:\workspace\open\src\hotspot\share\classfile\systemDictionary.cpp, line 245]
Event: 2.051 Thread 0x000001f6ef1ef180 Exception <a 'java/lang/NoClassDefFoundError'{0x00000000975491c8}: javax/annotation/Priority> (0x00000000975491c8) 
thrown [t:\workspace\open\src\hotspot\share\classfile\systemDictionary.cpp, line 245]
Event: 2.301 Thread 0x000001f6ef1ef180 Implicit null exception at 0x000001f687af87f2 to 0x000001f687af8dc4
Event: 2.301 Thread 0x000001f6ef1ef180 Implicit null exception at 0x000001f687b0e9f2 to 0x000001f687b0efd4
Event: 4.700 Thread 0x000001f6ef1ef180 Implicit null exception at 0x000001f687b7506a to 0x000001f687b75224
Event: 4.701 Thread 0x000001f6ef1ef180 Implicit null exception at 0x000001f687b7480a to 0x000001f687b74b70
Event: 4.701 Thread 0x000001f6ef1ef180 Implicit null exception at 0x000001f687b65caf to 0x000001f687b65d2d
Event: 5.643 Thread 0x000001f6ef1ef180 Implicit null exception at 0x000001f687c84a83 to 0x000001f687c853c4
Event: 7.332 Thread 0x000001f6ef1ef180 Exception <a 'java/lang/NoSuchMethodError'{0x00000000946b1d38}: 'void java.lang.invoke.DirectMethodHandle$Holder.invokeStatic(java.lang.Object, long)'> (0x00000000946b1d38) 
thrown [t:\workspace\open\src\hotspot\share\interpreter\linkResolver.cpp, line 790]
Event: 7.333 Thread 0x000001f6ef1ef180 Exception <a 'java/lang/NoSuchMethodError'{0x00000000946b78c0}: 'java.lang.Object java.lang.invoke.DirectMethodHandle$Holder.newInvokeSpecial(java.lang.Object, long)'> (0x00000000946b78c0) 
thrown [t:\workspace\open\src\hotspot\share\interpreter\linkResolver.cpp, line 790]
Event: 7.337 Thread 0x000001f6ef1ef180 Exception <a 'java/lang/NoSuchMethodError'{0x00000000946c2b70}: 'java.lang.Object java.lang.invoke.DirectMethodHandle$Holder.invokeStaticInit(java.lang.Object, java.lang.Object, long, java.lang.Object)'> (0x00000000946c2b70) 
thrown [t:\workspace\open\src\hotspot\share\interpreter\linkResolver.cpp, line 790]
Event: 7.338 Thread 0x000001f6ef1ef180 Exception <a 'java/lang/NoSuchMethodError'{0x00000000946c9580}: 'java.lang.Object java.lang.invoke.DirectMethodHandle$Holder.newInvokeSpecial(java.lang.Object, java.lang.Object, long)'> (0x00000000946c9580) 
thrown [t:\workspace\open\src\hotspot\share\interpreter\linkResolver.cpp, line 790]
Event: 7.339 Thread 0x000001f6ef1ef180 Exception <a 'java/lang/NoSuchMethodError'{0x00000000946cd980}: 'java.lang.Object java.lang.invoke.Invokers$Holder.linkToTargetMethod(java.lang.Object, long, java.lang.Object)'> (0x00000000946cd980) 
thrown [t:\workspace\open\src\hotspot\share\interpreter\linkResolver.cpp, line 790]
Event: 17.191 Thread 0x000001f6ef1ef180 Exception <a 'java/lang/NoSuchMethodError'{0x0000000097439988}: 'java.lang.String org.apache.maven.execution.MavenExecutionRequest.getFailureBehavior()'> (0x0000000097439988) 
thrown [t:\workspace\open\src\hotspot\share\interpreter\linkResolver.cpp, line 886]
Event: 29.041 Thread 0x000001f6ef1ef180 Exception <a 'sun/nio/fs/WindowsException'{0x000000009550fff8}> (0x000000009550fff8) 
thrown [t:\workspace\open\src\hotspot\share\prims\jni.cpp, line 579]
Event: 29.041 Thread 0x000001f6ef1ef180 Exception <a 'java/lang/reflect/InvocationTargetException'{0x0000000095510648}> (0x0000000095510648) 
thrown [t:\workspace\open\src\hotspot\share\runtime\reflection.cpp, line 1157]

Events (20 events):
Event: 28.289 loading class java/io/CharArrayWriter done
Event: 28.834 Executing  VM operation: Cleanup
Event: 28.834 Executing  VM operation: Cleanup done
Event: 29.032 Thread 0x000001f6fdf89050 Thread exited: 0x000001f6fdf89050
Event: 29.032 Thread 0x000001f6fdf8aae0 Thread exited: 0x000001f6fdf8aae0
Event: 29.033 Thread 0x000001f6fdf89af0 Thread exited: 0x000001f6fdf89af0
Event: 29.033 Thread 0x000001f6fdf8a040 Thread exited: 0x000001f6fdf8a040
Event: 29.036 Thread 0x000001f6fdf8a590 Thread exited: 0x000001f6fdf8a590
Event: 29.036 Thread 0x000001f6fdf895a0 Thread exited: 0x000001f6fdf895a0
Event: 29.039 loading class java/io/FileFilter
Event: 29.039 loading class java/io/FileFilter done
Event: 29.040 Thread 0x000001f69059e770 Thread exited: 0x000001f69059e770
Event: 29.040 loading class sun/nio/fs/WindowsException
Event: 29.041 loading class sun/nio/fs/WindowsException done
Event: 29.041 loading class java/nio/file/DirectoryNotEmptyException
Event: 29.041 loading class java/nio/file/DirectoryNotEmptyException done
Event: 29.069 Thread 0x000001f6fdf88060 Thread added: 0x000001f6fdf88060
Event: 29.069 Thread 0x000001f6fdf8b580 Thread added: 0x000001f6fdf8b580
Event: 29.850 Executing  VM operation: Cleanup
Event: 29.850 Executing  VM operation: Cleanup done


Dynamic libraries:
0x00007ff7008a0000 - 0x00007ff7008b0000 	D:\Program Files\Java\jdk-16.0.1\bin\java.exe
0x00007ffccc4e0000 - 0x00007ffccc6e9000 	C:\WINDOWS\SYSTEM32\ntdll.dll
0x00007ffccaf10000 - 0x00007ffccafce000 	C:\WINDOWS\System32\KERNEL32.DLL
0x00007ffcc9eb0000 - 0x00007ffcca22b000 	C:\WINDOWS\System32\KERNELBASE.dll
0x00007ffcc9b20000 - 0x00007ffcc9c31000 	C:\WINDOWS\System32\ucrtbase.dll
0x00007ffcc0180000 - 0x00007ffcc0199000 	D:\Program Files\Java\jdk-16.0.1\bin\VCRUNTIME140.dll
0x00007ffcc4410000 - 0x00007ffcc4428000 	D:\Program Files\Java\jdk-16.0.1\bin\jli.dll
0x00007ffccbc30000 - 0x00007ffccbcde000 	C:\WINDOWS\System32\ADVAPI32.dll
0x00007ffccb3a0000 - 0x00007ffccb443000 	C:\WINDOWS\System32\msvcrt.dll
0x00007ffccbaf0000 - 0x00007ffccbb8e000 	C:\WINDOWS\System32\sechost.dll
0x00007ffccaa60000 - 0x00007ffccab80000 	C:\WINDOWS\System32\RPCRT4.dll
0x00007ffccafd0000 - 0x00007ffccb17d000 	C:\WINDOWS\System32\USER32.dll
0x00007ffcc9c40000 - 0x00007ffcc9c66000 	C:\WINDOWS\System32\win32u.dll
0x00007ffcca950000 - 0x00007ffcca979000 	C:\WINDOWS\System32\GDI32.dll
0x00007ffcc9d90000 - 0x00007ffcc9ea8000 	C:\WINDOWS\System32\gdi32full.dll
0x00007ffcc9cf0000 - 0x00007ffcc9d8d000 	C:\WINDOWS\System32\msvcp_win.dll
0x00007ffcb8090000 - 0x00007ffcb8335000 	C:\WINDOWS\WinSxS\amd64_microsoft.windows.common-controls_6595b64144ccf1df_6.0.22000.120_none_9d947278b86cc467\COMCTL32.dll
0x00007ffcc0a30000 - 0x00007ffcc0a3a000 	C:\WINDOWS\SYSTEM32\VERSION.dll
0x00007ffccb180000 - 0x00007ffccb1b2000 	C:\WINDOWS\System32\IMM32.DLL
0x00007ffcc6320000 - 0x00007ffcc632c000 	D:\Program Files\Java\jdk-16.0.1\bin\vcruntime140_1.dll
0x00007ffcbbea0000 - 0x00007ffcbbf31000 	D:\Program Files\Java\jdk-16.0.1\bin\msvcp140.dll
0x00007ffc81f20000 - 0x00007ffc82acb000 	D:\Program Files\Java\jdk-16.0.1\bin\server\jvm.dll
0x00007ffccbb90000 - 0x00007ffccbb98000 	C:\WINDOWS\System32\PSAPI.DLL
0x00007ffcc3060000 - 0x00007ffcc3093000 	C:\WINDOWS\SYSTEM32\WINMM.dll
0x00007ffcbbb10000 - 0x00007ffcbbb19000 	C:\WINDOWS\SYSTEM32\WSOCK32.dll
0x00007ffccab80000 - 0x00007ffccabef000 	C:\WINDOWS\System32\WS2_32.dll
0x00007ffcc8a30000 - 0x00007ffcc8a48000 	C:\WINDOWS\SYSTEM32\kernel.appcore.dll
0x00007ffcc5900000 - 0x00007ffcc590a000 	D:\Program Files\Java\jdk-16.0.1\bin\jimage.dll
0x00007ffcbe240000 - 0x00007ffcbe461000 	C:\WINDOWS\SYSTEM32\DBGHELP.DLL
0x00007ffcb6760000 - 0x00007ffcb6791000 	C:\WINDOWS\SYSTEM32\dbgcore.DLL
0x00007ffcc9c70000 - 0x00007ffcc9cef000 	C:\WINDOWS\System32\bcryptPrimitives.dll
0x00007ffcc5820000 - 0x00007ffcc582e000 	D:\Program Files\Java\jdk-16.0.1\bin\instrument.dll
0x00007ffcbf820000 - 0x00007ffcbf845000 	D:\Program Files\Java\jdk-16.0.1\bin\java.dll
0x00007ffccbce0000 - 0x00007ffccc498000 	C:\WINDOWS\System32\SHELL32.dll
0x00007ffcc7aa0000 - 0x00007ffcc8305000 	C:\WINDOWS\SYSTEM32\windows.storage.dll
0x00007ffccb770000 - 0x00007ffccbae8000 	C:\WINDOWS\System32\combase.dll
0x00007ffcc7930000 - 0x00007ffcc7a96000 	C:\WINDOWS\SYSTEM32\wintypes.dll
0x00007ffccb610000 - 0x00007ffccb6fa000 	C:\WINDOWS\System32\SHCORE.dll
0x00007ffccadc0000 - 0x00007ffccae1d000 	C:\WINDOWS\System32\shlwapi.dll
0x00007ffcc98e0000 - 0x00007ffcc9901000 	C:\WINDOWS\SYSTEM32\profapi.dll
0x00007ffcbf6c0000 - 0x00007ffcbf6d8000 	D:\Program Files\Java\jdk-16.0.1\bin\zip.dll
0x00007ffcbc530000 - 0x00007ffcbc549000 	D:\Program Files\Java\jdk-16.0.1\bin\net.dll
0x00007ffcc3330000 - 0x00007ffcc3444000 	C:\WINDOWS\SYSTEM32\WINHTTP.dll
0x00007ffcc8ed0000 - 0x00007ffcc8f37000 	C:\WINDOWS\system32\mswsock.dll
0x00007ffcbc510000 - 0x00007ffcbc523000 	D:\Program Files\Java\jdk-16.0.1\bin\nio.dll
0x00007ffcbf720000 - 0x00007ffcbf73a000 	D:\IntelliJIDEA\IntelliJ IDEA Community Edition 2022.2.3\bin\breakgen64.dll
0x00007ffcc47d0000 - 0x00007ffcc47e0000 	D:\Program Files\Java\jdk-16.0.1\bin\verify.dll
0x00007ffcc9120000 - 0x00007ffcc9138000 	C:\WINDOWS\SYSTEM32\CRYPTSP.dll
0x00007ffcc8990000 - 0x00007ffcc89c5000 	C:\WINDOWS\system32\rsaenh.dll
0x00007ffcc8fc0000 - 0x00007ffcc8fe9000 	C:\WINDOWS\SYSTEM32\USERENV.dll
0x00007ffcc92a0000 - 0x00007ffcc92c7000 	C:\WINDOWS\SYSTEM32\bcrypt.dll
0x00007ffcc9110000 - 0x00007ffcc911c000 	C:\WINDOWS\SYSTEM32\CRYPTBASE.dll
0x00007ffcc8560000 - 0x00007ffcc858d000 	C:\WINDOWS\SYSTEM32\IPHLPAPI.DLL
0x00007ffccaef0000 - 0x00007ffccaef9000 	C:\WINDOWS\System32\NSI.dll
0x00007ffcc2840000 - 0x00007ffcc2859000 	C:\WINDOWS\SYSTEM32\dhcpcsvc6.DLL
0x00007ffcc47b0000 - 0x00007ffcc47ce000 	C:\WINDOWS\SYSTEM32\dhcpcsvc.DLL
0x00007ffcc8590000 - 0x00007ffcc8678000 	C:\WINDOWS\SYSTEM32\DNSAPI.dll
0x00007ffcc3630000 - 0x00007ffcc363a000 	C:\Users\shash\AppData\Local\Temp\jansi-1.17.1-8342336295231520724.dll
0x00007ffcbf710000 - 0x00007ffcbf71a000 	C:\Users\shash\AppData\Local\Temp\jansi-1.17.1-18185383700726317817.dll

dbghelp: loaded successfully - version: 4.0.5 - missing functions: none
symbol engine: initialized successfully - sym options: 0x614 - pdb path: .;D:\Program Files\Java\jdk-16.0.1\bin;C:\WINDOWS\SYSTEM32;C:\WINDOWS\WinSxS\amd64_microsoft.windows.common-controls_6595b64144ccf1df_6.0.22000.120_none_9d947278b86cc467;D:\Program Files\Java\jdk-16.0.1\bin\server;D:\IntelliJIDEA\IntelliJ IDEA Community Edition 2022.2.3\bin;C:\Users\shash\AppData\Local\Temp

VM Arguments:
jvm_args: -Dmaven.multiModuleProjectDirectory=D:\InteliJProject\FYP -Dmaven.home=D:\IntelliJIDEA\IntelliJ IDEA Community Edition 2022.2.3\plugins\maven\lib\maven3 -Dclassworlds.conf=D:\IntelliJIDEA\IntelliJ IDEA Community Edition 2022.2.3\plugins\maven\lib\maven3\bin\m2.conf -Dmaven.ext.class.path=D:\IntelliJIDEA\IntelliJ IDEA Community Edition 2022.2.3\plugins\maven\lib\maven-event-listener.jar -javaagent:D:\IntelliJIDEA\IntelliJ IDEA Community Edition 2022.2.3\lib\idea_rt.jar=62008:D:\IntelliJIDEA\IntelliJ IDEA Community Edition 2022.2.3\bin -Dfile.encoding=UTF-8 
java_command: org.codehaus.classworlds.Launcher -Didea.version=2022.2.3 install
java_class_path (initial): D:\IntelliJIDEA\IntelliJ IDEA Community Edition 2022.2.3\plugins\maven\lib\maven3\boot\plexus-classworlds-2.6.0.jar;D:\IntelliJIDEA\IntelliJ IDEA Community Edition 2022.2.3\plugins\maven\lib\maven3\boot\plexus-classworlds.license
Launcher Type: SUN_STANDARD

[Global flags]
     intx CICompilerCount                          = 3                                         {product} {ergonomic}
     uint ConcGCThreads                            = 1                                         {product} {ergonomic}
     uint G1ConcRefinementThreads                  = 4                                         {product} {ergonomic}
   size_t G1HeapRegionSize                         = 1048576                                   {product} {ergonomic}
    uintx GCDrainStackTargetSize                   = 64                                        {product} {ergonomic}
   size_t InitialHeapSize                          = 117440512                                 {product} {ergonomic}
   size_t MarkStackSize                            = 4194304                                   {product} {ergonomic}
   size_t MaxHeapSize                              = 1866465280                                {product} {ergonomic}
   size_t MaxNewSize                               = 1119879168                                {product} {ergonomic}
   size_t MinHeapDeltaBytes                        = 1048576                                   {product} {ergonomic}
   size_t MinHeapSize                              = 8388608                                   {product} {ergonomic}
    uintx NonNMethodCodeHeapSize                   = 5832780                                {pd product} {ergonomic}
    uintx NonProfiledCodeHeapSize                  = 122912730                              {pd product} {ergonomic}
    uintx ProfiledCodeHeapSize                     = 122912730                              {pd product} {ergonomic}
    uintx ReservedCodeCacheSize                    = 251658240                              {pd product} {ergonomic}
     bool SegmentedCodeCache                       = true                                      {product} {ergonomic}
   size_t SoftMaxHeapSize                          = 1866465280                             {manageable} {ergonomic}
     bool UseCompressedClassPointers               = true                           {product lp64_product} {ergonomic}
     bool UseCompressedOops                        = true                           {product lp64_product} {ergonomic}
     bool UseG1GC                                  = true                                      {product} {ergonomic}
     bool UseLargePagesIndividualAllocation        = false                                  {pd product} {ergonomic}

Logging:
Log output configuration:
 #0: stdout all=warning uptime,level,tags
 #1: stderr all=off uptime,level,tags

Environment Variables:
JAVA_HOME=D:\Program Files\Java\jdk-16.0.1\bin
PATH=C:\Python310\Scripts\;C:\Python310\;C:\Program Files\Common Files\Oracle\Java\javapath;C:\python39\Scripts\;C:\python39\;C:\WINDOWS\system32;C:\WINDOWS;C:\WINDOWS\System32\Wbem;C:\WINDOWS\System32\WindowsPowerShell\v1.0\;C:\WINDOWS\System32\OpenSSH\;C:\MinGW\bin;D:\Program Files\Git\Git\cmd;D:\apache-maven-3.8.6-bin\apache-maven-3.8.6\bin;C:\ProgramData\chocolatey\bin;D:\Program Files\NodeJS\;D:\Program Files\Java\jdk-16.0.1\;C:\Program Files\PowerShell\7\;C:\Users\shash\AppData\Local\Microsoft\WindowsApps;D:\heroku\bin;C:\Users\shash\AppData\Local\Programs\Microsoft VS Code\bin;C:\Users\shash\AppData\Roaming\npm;C:\Program Files\MongoDB\Server\5.0\bin;;D:\IntelliJIDEA\IntelliJ IDEA Community Edition 2022.2.3\bin;
USERNAME=shash
OS=Windows_NT
PROCESSOR_IDENTIFIER=AMD64 Family 23 Model 24 Stepping 1, AuthenticAMD



---------------  S Y S T E M  ---------------

OS:
 Windows 10 , 64 bit Build 22000 (10.0.22000.1219)
OS uptime: 16 days 4:49 hours

CPU: total 4 (initial active 4) (4 cores per cpu, 1 threads per core) family 23 model 24 stepping 1 microcode 0x0, cx8, cmov, fxsr, mmx, 3dnowpref, sse, sse2, sse3, ssse3, sse4a, sse4.1, sse4.2, popcnt, lzcnt, tsc, tscinvbit, avx, avx2, aes, clmul, bmi1, bmi2, adx, sha, fma, vzeroupper, clflush, clflushopt

Memory: 4k page, system-wide physical 7115M (713M free)
TotalPageFile size 19921M (AvailPageFile size 389M)
current process WorkingSet (physical memory assigned to process): 193M, peak: 227M
current process commit charge ("private bytes"): 227M, peak: 262M

vm_info: Java HotSpot(TM) 64-Bit Server VM (16.0.1+9-24) for windows-amd64 JRE (16.0.1+9-24), built on Mar 26 2021 19:31:42 by "mach5one" with MS VC++ 16.7 (VS2019)

END.
