#
# There is insufficient memory for the Java Runtime Environment to continue.
# Native memory allocation (malloc) failed to allocate 1051856 bytes for Chunk::new
# Possible reasons:
#   The system is out of physical RAM or swap space
#   The process is running with CompressedOops enabled, and the Java Heap may be blocking the growth of the native heap
# Possible solutions:
#   Reduce memory load on the system
#   Increase physical memory or swap space
#   Check if swap backing store is full
#   Decrease Java heap size (-Xmx/-Xms)
#   Decrease number of Java threads
#   Decrease Java thread stack sizes (-Xss)
#   Set larger code cache with -XX:ReservedCodeCacheSize=
#   JVM is running with Unscaled Compressed Oops mode in which the Java heap is
#     placed in the first 4GB address space. The Java Heap base address is the
#     maximum limit for the native heap growth. Please use -XX:HeapBaseMinAddress
#     to set the Java Heap base and to place the Java Heap above 4GB virtual address.
# This output file may be truncated or incomplete.
#
#  Out of Memory Error (arena.cpp:195), pid=2004, tid=34324
#
# JRE version: Java(TM) SE Runtime Environment (16.0.1+9) (build 16.0.1+9-24)
# Java VM: Java HotSpot(TM) 64-Bit Server VM (16.0.1+9-24, mixed mode, sharing, tiered, compressed oops, compressed class ptrs, g1 gc, windows-amd64)
# No core dump will be written. Minidumps are not enabled by default on client versions of Windows
#

---------------  S U M M A R Y ------------

Command Line: -javaagent:D:\IntelliJIDEA\IntelliJ IDEA Community Edition 2022.2.3\lib\idea_rt.jar=50635:D:\IntelliJIDEA\IntelliJ IDEA Community Edition 2022.2.3\bin -Dfile.encoding=UTF-8 com.shashank.FypApplication

Host: AMD Ryzen 3 3300U with Radeon Vega Mobile Gfx  , 4 cores, 6G,  Windows 10 , 64 bit Build 22000 (10.0.22000.1219)
Time: Mon Dec 12 14:44:43 2022 India Standard Time elapsed time: 58.176456 seconds (0d 0h 0m 58s)

---------------  T H R E A D  ---------------

Current thread (0x00000286ff1a8580):  JavaThread "C2 CompilerThread0" daemon [_thread_in_native, id=34324, stack(0x000000d98e600000,0x000000d98e700000)]


Current CompileTask:
C2:  58176 5613       4       org.springframework.core.ResolvableType::forType (115 bytes)

Stack: [0x000000d98e600000,0x000000d98e700000]
Native frames: (J=compiled Java code, j=interpreted, Vv=VM code, C=native code)
V  [jvm.dll+0x6687ca]
V  [jvm.dll+0x7ca3c9]
V  [jvm.dll+0x7cbb53]
V  [jvm.dll+0x7cc1b3]
V  [jvm.dll+0x242ea5]
V  [jvm.dll+0xadeca]
V  [jvm.dll+0xae5ac]
V  [jvm.dll+0x2a52cf]
V  [jvm.dll+0x574359]
V  [jvm.dll+0x21eb55]
V  [jvm.dll+0x217e51]
V  [jvm.dll+0x21524c]
V  [jvm.dll+0x1a1d9b]
V  [jvm.dll+0x2253a8]
V  [jvm.dll+0x2233ec]
V  [jvm.dll+0x780002]
V  [jvm.dll+0x779b4a]
V  [jvm.dll+0x667666]
C  [ucrtbase.dll+0x26c0c]
C  [KERNEL32.DLL+0x15550]
C  [ntdll.dll+0x485b]


---------------  P R O C E S S  ---------------

Threads class SMR info:
_java_thread_list=0x0000028686f97540, length=37, elements={
0x00000286ff18da90, 0x00000286ff18ec30, 0x00000286ff1a1230, 0x00000286ff1a1b40,
0x00000286ff1a2bf0, 0x00000286ff1a3ca0, 0x00000286ff1a8580, 0x00000286ff1aa730,
0x00000286ff1be3a0, 0x00000286ff17ca60, 0x00000286fff9bad0, 0x00000286fff9bff0,
0x0000028688d03a20, 0x0000028688a2d040, 0x0000028688cde000, 0x0000028688cdd560,
0x0000028688cdeaa0, 0x0000028688cde550, 0x0000028688cdb580, 0x0000028688cdc020,
0x0000028688cdbad0, 0x0000028688cdc570, 0x0000028688cddab0, 0x0000028688cdd010,
0x000002868ae503d0, 0x000002868ae50920, 0x000002868ae4c960, 0x000002868ae52900,
0x000002868ae4b970, 0x000002868ae51910, 0x000002868ae4f930, 0x000002868ae50e70,
0x000002868ae4fe80, 0x000002868ae4bec0, 0x000002868ae4e3f0, 0x000002868ae513c0,
0x000002868ae51e60
}

Java Threads: ( => current thread )
  0x00000286ff18da90 JavaThread "Reference Handler" daemon [_thread_blocked, id=31392, stack(0x000000d98e000000,0x000000d98e100000)]
  0x00000286ff18ec30 JavaThread "Finalizer" daemon [_thread_blocked, id=32024, stack(0x000000d98e100000,0x000000d98e200000)]
  0x00000286ff1a1230 JavaThread "Signal Dispatcher" daemon [_thread_blocked, id=18692, stack(0x000000d98e200000,0x000000d98e300000)]
  0x00000286ff1a1b40 JavaThread "Attach Listener" daemon [_thread_blocked, id=20252, stack(0x000000d98e300000,0x000000d98e400000)]
  0x00000286ff1a2bf0 JavaThread "Service Thread" daemon [_thread_blocked, id=32032, stack(0x000000d98e400000,0x000000d98e500000)]
  0x00000286ff1a3ca0 JavaThread "Monitor Deflation Thread" daemon [_thread_blocked, id=13724, stack(0x000000d98e500000,0x000000d98e600000)]
=>0x00000286ff1a8580 JavaThread "C2 CompilerThread0" daemon [_thread_in_native, id=34324, stack(0x000000d98e600000,0x000000d98e700000)]
  0x00000286ff1aa730 JavaThread "C1 CompilerThread0" daemon [_thread_blocked, id=7460, stack(0x000000d98e700000,0x000000d98e800000)]
  0x00000286ff1be3a0 JavaThread "Sweeper thread" daemon [_thread_blocked, id=23008, stack(0x000000d98e800000,0x000000d98e900000)]
  0x00000286ff17ca60 JavaThread "Common-Cleaner" daemon [_thread_blocked, id=34536, stack(0x000000d98e900000,0x000000d98ea00000)]
  0x00000286fff9bad0 JavaThread "Monitor Ctrl-Break" daemon [_thread_in_native, id=34668, stack(0x000000d98ea00000,0x000000d98eb00000)]
  0x00000286fff9bff0 JavaThread "Notification Thread" daemon [_thread_blocked, id=32872, stack(0x000000d98eb00000,0x000000d98ec00000)]
  0x0000028688d03a20 JavaThread "Thread-1" daemon [_thread_in_native, id=27940, stack(0x000000d98f100000,0x000000d98f200000)]
  0x0000028688a2d040 JavaThread "cluster-ClusterId{value='6396f0cce72d0b05f58a2df5', description='null'}-srv-cluster0.opu6apr.mongodb.net" daemon [_thread_blocked, id=2384, stack(0x000000d98f200000,0x000000d98f300000)]
  0x0000028688cde000 JavaThread "cluster-ClusterId{value='6396f0cce72d0b05f58a2df5', description='null'}-ac-lqjuwxi-shard-00-01.opu6apr.mongodb.net:27017" daemon [_thread_in_native, id=32448, stack(0x000000d98f300000,0x000000d98f400000)]
  0x0000028688cdd560 JavaThread "cluster-rtt-ClusterId{value='6396f0cce72d0b05f58a2df5', description='null'}-ac-lqjuwxi-shard-00-01.opu6apr.mongodb.net:27017" daemon [_thread_blocked, id=34384, stack(0x000000d98f400000,0x000000d98f500000)]
  0x0000028688cdeaa0 JavaThread "cluster-ClusterId{value='6396f0cce72d0b05f58a2df5', description='null'}-ac-lqjuwxi-shard-00-02.opu6apr.mongodb.net:27017" daemon [_thread_in_native, id=10560, stack(0x000000d98f500000,0x000000d98f600000)]
  0x0000028688cde550 JavaThread "cluster-rtt-ClusterId{value='6396f0cce72d0b05f58a2df5', description='null'}-ac-lqjuwxi-shard-00-02.opu6apr.mongodb.net:27017" daemon [_thread_blocked, id=26336, stack(0x000000d98f600000,0x000000d98f700000)]
  0x0000028688cdb580 JavaThread "cluster-ClusterId{value='6396f0cce72d0b05f58a2df5', description='null'}-ac-lqjuwxi-shard-00-00.opu6apr.mongodb.net:27017" daemon [_thread_in_native, id=31544, stack(0x000000d98f700000,0x000000d98f800000)]
  0x0000028688cdc020 JavaThread "cluster-rtt-ClusterId{value='6396f0cce72d0b05f58a2df5', description='null'}-ac-lqjuwxi-shard-00-00.opu6apr.mongodb.net:27017" daemon [_thread_blocked, id=32860, stack(0x000000d98f800000,0x000000d98f900000)]
  0x0000028688cdbad0 JavaThread "Catalina-utility-1" [_thread_blocked, id=34064, stack(0x000000d98fa00000,0x000000d98fb00000)]
  0x0000028688cdc570 JavaThread "Catalina-utility-2" [_thread_blocked, id=34664, stack(0x000000d98fb00000,0x000000d98fc00000)]
  0x0000028688cddab0 JavaThread "container-0" [_thread_blocked, id=19904, stack(0x000000d98fc00000,0x000000d98fd00000)]
  0x0000028688cdd010 JavaThread "http-nio-8080-BlockPoller" daemon [_thread_in_native, id=20092, stack(0x000000d98fd00000,0x000000d98fe00000)]
  0x000002868ae503d0 JavaThread "http-nio-8080-exec-1" daemon [_thread_blocked, id=28176, stack(0x000000d98fe00000,0x000000d98ff00000)]
  0x000002868ae50920 JavaThread "http-nio-8080-exec-2" daemon [_thread_blocked, id=34376, stack(0x000000d98ff00000,0x000000d990000000)]
  0x000002868ae4c960 JavaThread "http-nio-8080-exec-3" daemon [_thread_blocked, id=34056, stack(0x000000d990000000,0x000000d990100000)]
  0x000002868ae52900 JavaThread "http-nio-8080-exec-4" daemon [_thread_blocked, id=31816, stack(0x000000d990100000,0x000000d990200000)]
  0x000002868ae4b970 JavaThread "http-nio-8080-exec-5" daemon [_thread_blocked, id=33952, stack(0x000000d990200000,0x000000d990300000)]
  0x000002868ae51910 JavaThread "http-nio-8080-exec-6" daemon [_thread_blocked, id=21616, stack(0x000000d990300000,0x000000d990400000)]
  0x000002868ae4f930 JavaThread "http-nio-8080-exec-7" daemon [_thread_blocked, id=26032, stack(0x000000d990400000,0x000000d990500000)]
  0x000002868ae50e70 JavaThread "http-nio-8080-exec-8" daemon [_thread_blocked, id=21396, stack(0x000000d990500000,0x000000d990600000)]
  0x000002868ae4fe80 JavaThread "http-nio-8080-exec-9" daemon [_thread_blocked, id=2840, stack(0x000000d990600000,0x000000d990700000)]
  0x000002868ae4bec0 JavaThread "http-nio-8080-exec-10" daemon [_thread_blocked, id=15280, stack(0x000000d990700000,0x000000d990800000)]
  0x000002868ae4e3f0 JavaThread "http-nio-8080-ClientPoller" daemon [_thread_in_native, id=27992, stack(0x000000d990800000,0x000000d990900000)]
  0x000002868ae513c0 JavaThread "http-nio-8080-Acceptor" daemon [_thread_in_native, id=13176, stack(0x000000d990900000,0x000000d990a00000)]
  0x000002868ae51e60 JavaThread "DestroyJavaVM" [_thread_blocked, id=34080, stack(0x000000d98d900000,0x000000d98da00000)]

Other Threads:
  0x00000286e7c0e760 VMThread "VM Thread" [stack: 0x000000d98df00000,0x000000d98e000000] [id=34320]
  0x00000286fff99af0 WatcherThread [stack: 0x000000d98ec00000,0x000000d98ed00000] [id=31500]
  0x00000286e7b74060 GCTaskThread "GC Thread#0" [stack: 0x000000d98da00000,0x000000d98db00000] [id=33144]
  0x0000028685e0bb50 GCTaskThread "GC Thread#1" [stack: 0x000000d98ed00000,0x000000d98ee00000] [id=28856]
  0x0000028685c7ae30 GCTaskThread "GC Thread#2" [stack: 0x000000d98ee00000,0x000000d98ef00000] [id=27924]
  0x0000028685c7b140 GCTaskThread "GC Thread#3" [stack: 0x000000d98ef00000,0x000000d98f000000] [id=14368]
  0x00000286e7b83e30 ConcurrentGCThread "G1 Main Marker" [stack: 0x000000d98db00000,0x000000d98dc00000] [id=34752]
  0x00000286e7b857b0 ConcurrentGCThread "G1 Conc#0" [stack: 0x000000d98dc00000,0x000000d98dd00000] [id=4612]
  0x00000286e7be78e0 ConcurrentGCThread "G1 Refine#0" [stack: 0x000000d98dd00000,0x000000d98de00000] [id=1692]
  0x00000286ffe15c70 ConcurrentGCThread "G1 Refine#1" [stack: 0x000000d98f000000,0x000000d98f100000] [id=22228]
  0x00000286e7be9110 ConcurrentGCThread "G1 Service" [stack: 0x000000d98de00000,0x000000d98df00000] [id=34556]

Threads with active compile tasks:
C2 CompilerThread0    58269 5613       4       org.springframework.core.ResolvableType::forType (115 bytes)

VM state: not at safepoint (normal execution)

VM Mutex/Monitor currently owned by a thread: None

Heap address: 0x0000000090c00000, size: 1780 MB, Compressed Oops mode: 32-bit

CDS archive(s) mapped at: [0x0000000800000000-0x0000000800bb0000-0x0000000800bb0000), size 12255232, SharedBaseAddress: 0x0000000800000000, ArchiveRelocationMode: 0.
Compressed class space mapped at: 0x0000000800c00000-0x0000000840c00000, reserved size: 1073741824
Narrow klass base: 0x0000000800000000, Narrow klass shift: 3, Narrow klass range: 0x100000000

GC Precious Log:
 CPUs: 4 total, 4 available
 Memory: 7115M
 Large Page Support: Disabled
 NUMA Support: Disabled
 Compressed Oops: Enabled (32-bit)
 Heap Region Size: 1M
 Heap Min Capacity: 8M
 Heap Initial Capacity: 112M
 Heap Max Capacity: 1780M
 Pre-touch: Disabled
 Parallel Workers: 4
 Concurrent Workers: 1
 Concurrent Refinement Workers: 4
 Periodic GC: Disabled

Heap:
 garbage-first heap   total 49152K, used 32356K [0x0000000090c00000, 0x0000000100000000)
  region size 1024K, 15 young (15360K), 3 survivors (3072K)
 Metaspace       used 47331K, committed 47680K, reserved 1097728K
  class space    used 6046K, committed 6208K, reserved 1048576K

Heap Regions: E=young(eden), S=young(survivor), O=old, HS=humongous(starts), HC=humongous(continues), CS=collection set, F=free, OA=open archive, CA=closed archive, TAMS=top-at-mark-start (previous, next)
|   0|0x0000000090c00000, 0x0000000090d00000, 0x0000000090d00000|100%| O|  |TAMS 0x0000000090d00000, 0x0000000090c00000| Untracked 
|   1|0x0000000090d00000, 0x0000000090e00000, 0x0000000090e00000|100%| O|  |TAMS 0x0000000090e00000, 0x0000000090d00000| Untracked 
|   2|0x0000000090e00000, 0x0000000090f00000, 0x0000000090f00000|100%| O|  |TAMS 0x0000000090f00000, 0x0000000090e00000| Untracked 
|   3|0x0000000090f00000, 0x0000000091000000, 0x0000000091000000|100%| O|  |TAMS 0x0000000091000000, 0x0000000090f00000| Untracked 
|   4|0x0000000091000000, 0x00000000910b3a00, 0x0000000091100000| 70%| O|  |TAMS 0x00000000910b3a00, 0x0000000091000000| Untracked 
|   5|0x0000000091100000, 0x0000000091200000, 0x0000000091200000|100%| O|  |TAMS 0x0000000091200000, 0x0000000091100000| Untracked 
|   6|0x0000000091200000, 0x0000000091300000, 0x0000000091300000|100%| O|  |TAMS 0x0000000091300000, 0x0000000091200000| Untracked 
|   7|0x0000000091300000, 0x0000000091400000, 0x0000000091400000|100%| O|  |TAMS 0x0000000091400000, 0x0000000091300000| Untracked 
|   8|0x0000000091400000, 0x0000000091500000, 0x0000000091500000|100%| O|  |TAMS 0x0000000091500000, 0x0000000091400000| Untracked 
|   9|0x0000000091500000, 0x0000000091600000, 0x0000000091600000|100%| O|  |TAMS 0x0000000091600000, 0x0000000091500000| Untracked 
|  10|0x0000000091600000, 0x0000000091700000, 0x0000000091700000|100%| O|  |TAMS 0x0000000091700000, 0x0000000091600000| Untracked 
|  11|0x0000000091700000, 0x0000000091800000, 0x0000000091800000|100%| O|  |TAMS 0x0000000091800000, 0x0000000091700000| Untracked 
|  12|0x0000000091800000, 0x0000000091900000, 0x0000000091900000|100%| O|  |TAMS 0x0000000091900000, 0x0000000091800000| Untracked 
|  13|0x0000000091900000, 0x0000000091a00000, 0x0000000091a00000|100%| O|  |TAMS 0x0000000091a00000, 0x0000000091900000| Untracked 
|  14|0x0000000091a00000, 0x0000000091b00000, 0x0000000091b00000|100%| O|  |TAMS 0x0000000091b00000, 0x0000000091a00000| Untracked 
|  15|0x0000000091b00000, 0x0000000091c00000, 0x0000000091c00000|100%| O|  |TAMS 0x0000000091c00000, 0x0000000091b00000| Untracked 
|  16|0x0000000091c00000, 0x0000000091d00000, 0x0000000091d00000|100%| O|  |TAMS 0x0000000091c37e00, 0x0000000091c00000| Untracked 
|  17|0x0000000091d00000, 0x0000000091e00000, 0x0000000091e00000|100%| O|  |TAMS 0x0000000091d00000, 0x0000000091d00000| Untracked 
|  18|0x0000000091e00000, 0x0000000091f00000, 0x0000000091f00000|100%| O|  |TAMS 0x0000000091e00000, 0x0000000091e00000| Untracked 
|  19|0x0000000091f00000, 0x0000000091f22200, 0x0000000092000000| 13%| O|  |TAMS 0x0000000091f00000, 0x0000000091f00000| Untracked 
|  20|0x0000000092000000, 0x0000000092000000, 0x0000000092100000|  0%| F|  |TAMS 0x0000000092000000, 0x0000000092000000| Untracked 
|  21|0x0000000092100000, 0x0000000092100000, 0x0000000092200000|  0%| F|  |TAMS 0x0000000092100000, 0x0000000092100000| Untracked 
|  22|0x0000000092200000, 0x0000000092200000, 0x0000000092300000|  0%| F|  |TAMS 0x0000000092200000, 0x0000000092200000| Untracked 
|  23|0x0000000092300000, 0x0000000092300000, 0x0000000092400000|  0%| F|  |TAMS 0x0000000092300000, 0x0000000092300000| Untracked 
|  24|0x0000000092400000, 0x0000000092400000, 0x0000000092500000|  0%| F|  |TAMS 0x0000000092400000, 0x0000000092400000| Untracked 
|  25|0x0000000092500000, 0x0000000092500000, 0x0000000092600000|  0%| F|  |TAMS 0x0000000092500000, 0x0000000092500000| Untracked 
|  26|0x0000000092600000, 0x0000000092600000, 0x0000000092700000|  0%| F|  |TAMS 0x0000000092600000, 0x0000000092600000| Untracked 
|  27|0x0000000092700000, 0x00000000927c3700, 0x0000000092800000| 76%| S|CS|TAMS 0x0000000092700000, 0x0000000092700000| Complete 
|  28|0x0000000092800000, 0x0000000092800000, 0x0000000092900000|  0%| F|  |TAMS 0x0000000092800000, 0x0000000092800000| Untracked 
|  29|0x0000000092900000, 0x0000000092900000, 0x0000000092a00000|  0%| F|  |TAMS 0x0000000092900000, 0x0000000092900000| Untracked 
|  30|0x0000000092a00000, 0x0000000092b00000, 0x0000000092b00000|100%| S|CS|TAMS 0x0000000092a00000, 0x0000000092a00000| Complete 
|  31|0x0000000092b00000, 0x0000000092c00000, 0x0000000092c00000|100%| S|CS|TAMS 0x0000000092b00000, 0x0000000092b00000| Complete 
|  32|0x0000000092c00000, 0x0000000092c00000, 0x0000000092d00000|  0%| F|  |TAMS 0x0000000092c00000, 0x0000000092c00000| Untracked 
|  33|0x0000000092d00000, 0x0000000092d00000, 0x0000000092e00000|  0%| F|  |TAMS 0x0000000092d00000, 0x0000000092d00000| Untracked 
|  34|0x0000000092e00000, 0x0000000092e00000, 0x0000000092f00000|  0%| F|  |TAMS 0x0000000092e00000, 0x0000000092e00000| Untracked 
|  35|0x0000000092f00000, 0x0000000092f00000, 0x0000000093000000|  0%| F|  |TAMS 0x0000000092f00000, 0x0000000092f00000| Untracked 
|  36|0x0000000093000000, 0x000000009304d600, 0x0000000093100000| 30%| E|  |TAMS 0x0000000093000000, 0x0000000093000000| Complete 
|  37|0x0000000093100000, 0x0000000093200000, 0x0000000093200000|100%| E|CS|TAMS 0x0000000093100000, 0x0000000093100000| Complete 
|  38|0x0000000093200000, 0x0000000093300000, 0x0000000093300000|100%| E|CS|TAMS 0x0000000093200000, 0x0000000093200000| Complete 
|  39|0x0000000093300000, 0x0000000093400000, 0x0000000093400000|100%| E|CS|TAMS 0x0000000093300000, 0x0000000093300000| Complete 
|  40|0x0000000093400000, 0x0000000093500000, 0x0000000093500000|100%| E|CS|TAMS 0x0000000093400000, 0x0000000093400000| Complete 
|  55|0x0000000094300000, 0x0000000094400000, 0x0000000094400000|100%| E|  |TAMS 0x0000000094300000, 0x0000000094300000| Complete 
|  56|0x0000000094400000, 0x0000000094500000, 0x0000000094500000|100%| E|CS|TAMS 0x0000000094400000, 0x0000000094400000| Complete 
|  57|0x0000000094500000, 0x0000000094600000, 0x0000000094600000|100%| E|CS|TAMS 0x0000000094500000, 0x0000000094500000| Complete 
|  58|0x0000000094600000, 0x0000000094700000, 0x0000000094700000|100%| E|CS|TAMS 0x0000000094600000, 0x0000000094600000| Complete 
|  59|0x0000000094700000, 0x0000000094800000, 0x0000000094800000|100%| E|CS|TAMS 0x0000000094700000, 0x0000000094700000| Complete 
|  60|0x0000000094800000, 0x0000000094900000, 0x0000000094900000|100%| E|CS|TAMS 0x0000000094800000, 0x0000000094800000| Complete 
| 111|0x0000000097b00000, 0x0000000097c00000, 0x0000000097c00000|100%| E|CS|TAMS 0x0000000097b00000, 0x0000000097b00000| Complete 

Card table byte_map: [0x00000286fe630000,0x00000286fe9b0000] _byte_map_base: 0x00000286fe1aa000

Marking Bits (Prev, Next): (CMBitMap*) 0x00000286e7b75620, (CMBitMap*) 0x00000286e7b755e0
 Prev Bits: [0x0000028681bd0000, 0x00000286837a0000)
 Next Bits: [0x0000028680000000, 0x0000028681bd0000)

Polling page: 0x00000286e5940000

Metaspace:

Usage:
  Non-class:     40.32 MB used.
      Class:      5.90 MB used.
       Both:     46.22 MB used.

Virtual space:
  Non-class space:       48.00 MB reserved,      40.50 MB ( 84%) committed,  6 nodes.
      Class space:        1.00 GB reserved,       6.06 MB ( <1%) committed,  1 nodes.
              Both:        1.05 GB reserved,      46.56 MB (  4%) committed. 

Chunk freelists:
   Non-Class:  3.16 MB
       Class:  1.89 MB
        Both:  5.05 MB

MaxMetaspaceSize: 17179869184.00 GB
CompressedClassSpaceSize: 1.00 GB
 - commit_granule_bytes: 65536.
 - commit_granule_words: 8192.
 - virtual_space_node_default_size: 1048576.
 - enlarge_chunks_in_place: 1.
 - new_chunks_are_fully_committed: 0.
 - uncommit_free_chunks: 1.
 - use_allocation_guard: 0.
 - handle_deallocations: 1.


Internal statistics:

num_allocs_failed_limit: 11.
num_arena_births: 482.
num_arena_deaths: 0.
num_vsnodes_births: 7.
num_vsnodes_deaths: 0.
num_space_committed: 745.
num_space_uncommitted: 0.
num_chunks_returned_to_freelist: 11.
num_chunks_taken_from_freelist: 2053.
num_chunk_merges: 8.
num_chunk_splits: 1375.
num_chunks_enlarged: 1032.
num_purges: 0.

CodeHeap 'non-profiled nmethods': size=120000Kb used=2352Kb max_used=2352Kb free=117647Kb
 bounds [0x00000286f6d80000, 0x00000286f6ff0000, 0x00000286fe2b0000]
CodeHeap 'profiled nmethods': size=120000Kb used=10753Kb max_used=10753Kb free=109247Kb
 bounds [0x00000286ef850000, 0x00000286f02e0000, 0x00000286f6d80000]
CodeHeap 'non-nmethods': size=5760Kb used=1290Kb max_used=1338Kb free=4469Kb
 bounds [0x00000286ef2b0000, 0x00000286ef520000, 0x00000286ef850000]
 total_blobs=6148 nmethods=5548 adapters=511
 compilation: enabled
              stopped_count=0, restarted_count=0
 full_count=0

Compilation events (20 events):
Event: 58.034 Thread 0x00000286ff1aa730 5648   !   3       sun.nio.ch.WindowsSelectorImpl::wakeup (35 bytes)
Event: 58.034 Thread 0x00000286ff1aa730 nmethod 5648 0x00000286f02cc190 code [0x00000286f02cc340, 0x00000286f02cc628]
Event: 58.034 Thread 0x00000286ff1aa730 5649       3       sun.nio.ch.WindowsSelectorImpl::setWakeupSocket (9 bytes)
Event: 58.034 Thread 0x00000286ff1aa730 nmethod 5649 0x00000286f02cc790 code [0x00000286f02cc940, 0x00000286f02cca88]
Event: 58.034 Thread 0x00000286ff1aa730 5651       3       org.apache.coyote.http11.Http11OutputBuffer::isBlocking (16 bytes)
Event: 58.035 Thread 0x00000286ff1aa730 nmethod 5651 0x00000286f02ccb10 code [0x00000286f02cccc0, 0x00000286f02cce58]
Event: 58.035 Thread 0x00000286ff1aa730 5652       3       sun.nio.ch.SocketChannelImpl::ensureOpenAndConnected (32 bytes)
Event: 58.035 Thread 0x00000286ff1aa730 nmethod 5652 0x00000286f02ccf10 code [0x00000286f02cd0e0, 0x00000286f02cd3b8]
Event: 58.035 Thread 0x00000286ff1aa730 5653       3       java.nio.ByteBuffer::rewind (5 bytes)
Event: 58.036 Thread 0x00000286ff1aa730 nmethod 5653 0x00000286f02cd510 code [0x00000286f02cd6c0, 0x00000286f02cd888]
Event: 58.036 Thread 0x00000286ff1aa730 5654   !   3       org.apache.tomcat.util.net.NioSelectorPool::getSharedSelector (48 bytes)
Event: 58.037 Thread 0x00000286ff1aa730 nmethod 5654 0x00000286f02cd910 code [0x00000286f02cdb00, 0x00000286f02ce008]
Event: 58.037 Thread 0x00000286ff1aa730 5655       3       org.apache.catalina.security.SecurityUtil::isPackageProtectionEnabled (16 bytes)
Event: 58.037 Thread 0x00000286ff1aa730 nmethod 5655 0x00000286f02ce210 code [0x00000286f02ce3a0, 0x00000286f02ce498]
Event: 58.037 Thread 0x00000286ff1aa730 5656       3       org.apache.tomcat.util.net.SocketWrapperBase::doWrite (20 bytes)
Event: 58.038 Thread 0x00000286ff1aa730 nmethod 5656 0x00000286f02ce510 code [0x00000286f02ce6e0, 0x00000286f02cea98]
Event: 58.038 Thread 0x00000286ff1aa730 5657       3       org.apache.tomcat.util.net.SocketBufferHandler::configureWriteBufferForRead (6 bytes)
Event: 58.038 Thread 0x00000286ff1aa730 nmethod 5657 0x00000286f02cec10 code [0x00000286f02cedc0, 0x00000286f02cef08]
Event: 58.038 Thread 0x00000286ff1aa730 5658   !   3       org.apache.tomcat.util.net.NioEndpoint$NioSocketWrapper::doWrite (156 bytes)
Event: 58.039 Thread 0x00000286ff1aa730 nmethod 5658 0x00000286f02cef90 code [0x00000286f02cf220, 0x00000286f02cff78]

GC Heap History (20 events):
Event: 2.556 GC heap before
{Heap before GC invocations=3 (full 0):
 garbage-first heap   total 114688K, used 54909K [0x0000000090c00000, 0x0000000100000000)
  region size 1024K, 51 young (52224K), 3 survivors (3072K)
 Metaspace       used 20972K, committed 21248K, reserved 1073152K
  class space    used 2643K, committed 2752K, reserved 1048576K
}
Event: 2.564 GC heap after
{Heap after GC invocations=4 (full 0):
 garbage-first heap   total 114688K, used 10261K [0x0000000090c00000, 0x0000000100000000)
  region size 1024K, 6 young (6144K), 6 survivors (6144K)
 Metaspace       used 20972K, committed 21248K, reserved 1073152K
  class space    used 2643K, committed 2752K, reserved 1048576K
}
Event: 3.169 GC heap before
{Heap before GC invocations=5 (full 0):
 garbage-first heap   total 40960K, used 28693K [0x0000000090c00000, 0x0000000100000000)
  region size 1024K, 24 young (24576K), 6 survivors (6144K)
 Metaspace       used 24508K, committed 24768K, reserved 1073152K
  class space    used 3146K, committed 3264K, reserved 1048576K
}
Event: 3.182 GC heap after
{Heap after GC invocations=6 (full 0):
 garbage-first heap   total 40960K, used 12402K [0x0000000090c00000, 0x0000000100000000)
  region size 1024K, 3 young (3072K), 3 survivors (3072K)
 Metaspace       used 24508K, committed 24768K, reserved 1073152K
  class space    used 3146K, committed 3264K, reserved 1048576K
}
Event: 3.648 GC heap before
{Heap before GC invocations=6 (full 0):
 garbage-first heap   total 40960K, used 26738K [0x0000000090c00000, 0x0000000100000000)
  region size 1024K, 18 young (18432K), 3 survivors (3072K)
 Metaspace       used 27781K, committed 28096K, reserved 1081344K
  class space    used 3539K, committed 3712K, reserved 1048576K
}
Event: 3.654 GC heap after
{Heap after GC invocations=7 (full 0):
 garbage-first heap   total 40960K, used 13516K [0x0000000090c00000, 0x0000000100000000)
  region size 1024K, 2 young (2048K), 2 survivors (2048K)
 Metaspace       used 27781K, committed 28096K, reserved 1081344K
  class space    used 3539K, committed 3712K, reserved 1048576K
}
Event: 4.039 GC heap before
{Heap before GC invocations=7 (full 0):
 garbage-first heap   total 40960K, used 28876K [0x0000000090c00000, 0x0000000100000000)
  region size 1024K, 17 young (17408K), 2 survivors (2048K)
 Metaspace       used 30347K, committed 30656K, reserved 1081344K
  class space    used 3875K, committed 4032K, reserved 1048576K
}
Event: 4.046 GC heap after
{Heap after GC invocations=8 (full 0):
 garbage-first heap   total 40960K, used 14360K [0x0000000090c00000, 0x0000000100000000)
  region size 1024K, 3 young (3072K), 3 survivors (3072K)
 Metaspace       used 30347K, committed 30656K, reserved 1081344K
  class space    used 3875K, committed 4032K, reserved 1048576K
}
Event: 4.363 GC heap before
{Heap before GC invocations=8 (full 0):
 garbage-first heap   total 40960K, used 29720K [0x0000000090c00000, 0x0000000100000000)
  region size 1024K, 18 young (18432K), 3 survivors (3072K)
 Metaspace       used 33925K, committed 34240K, reserved 1081344K
  class space    used 4347K, committed 4480K, reserved 1048576K
}
Event: 4.371 GC heap after
{Heap after GC invocations=9 (full 0):
 garbage-first heap   total 49152K, used 16422K [0x0000000090c00000, 0x0000000100000000)
  region size 1024K, 3 young (3072K), 3 survivors (3072K)
 Metaspace       used 33925K, committed 34240K, reserved 1081344K
  class space    used 4347K, committed 4480K, reserved 1048576K
}
Event: 4.445 GC heap before
{Heap before GC invocations=9 (full 0):
 garbage-first heap   total 49152K, used 20518K [0x0000000090c00000, 0x0000000100000000)
  region size 1024K, 8 young (8192K), 3 survivors (3072K)
 Metaspace       used 35242K, committed 35520K, reserved 1081344K
  class space    used 4509K, committed 4608K, reserved 1048576K
}
Event: 4.451 GC heap after
{Heap after GC invocations=10 (full 0):
 garbage-first heap   total 49152K, used 17142K [0x0000000090c00000, 0x0000000100000000)
  region size 1024K, 1 young (1024K), 1 survivors (1024K)
 Metaspace       used 35242K, committed 35520K, reserved 1081344K
  class space    used 4509K, committed 4608K, reserved 1048576K
}
Event: 4.734 GC heap before
{Heap before GC invocations=11 (full 0):
 garbage-first heap   total 49152K, used 34550K [0x0000000090c00000, 0x0000000100000000)
  region size 1024K, 18 young (18432K), 1 survivors (1024K)
 Metaspace       used 37740K, committed 38080K, reserved 1089536K
  class space    used 4855K, committed 4992K, reserved 1048576K
}
Event: 4.739 GC heap after
{Heap after GC invocations=12 (full 0):
 garbage-first heap   total 49152K, used 18236K [0x0000000090c00000, 0x0000000100000000)
  region size 1024K, 2 young (2048K), 2 survivors (2048K)
 Metaspace       used 37740K, committed 38080K, reserved 1089536K
  class space    used 4855K, committed 4992K, reserved 1048576K
}
Event: 5.087 GC heap before
{Heap before GC invocations=13 (full 0):
 garbage-first heap   total 49152K, used 35644K [0x0000000090c00000, 0x0000000100000000)
  region size 1024K, 19 young (19456K), 2 survivors (2048K)
 Metaspace       used 40324K, committed 40640K, reserved 1089536K
  class space    used 5180K, committed 5312K, reserved 1048576K
}
Event: 5.091 GC heap after
{Heap after GC invocations=14 (full 0):
 garbage-first heap   total 49152K, used 19374K [0x0000000090c00000, 0x0000000100000000)
  region size 1024K, 3 young (3072K), 3 survivors (3072K)
 Metaspace       used 40324K, committed 40640K, reserved 1089536K
  class space    used 5180K, committed 5312K, reserved 1048576K
}
Event: 5.893 GC heap before
{Heap before GC invocations=14 (full 0):
 garbage-first heap   total 49152K, used 35758K [0x0000000090c00000, 0x0000000100000000)
  region size 1024K, 20 young (20480K), 3 survivors (3072K)
 Metaspace       used 42865K, committed 43200K, reserved 1089536K
  class space    used 5498K, committed 5632K, reserved 1048576K
}
Event: 5.897 GC heap after
{Heap after GC invocations=15 (full 0):
 garbage-first heap   total 49152K, used 20304K [0x0000000090c00000, 0x0000000100000000)
  region size 1024K, 3 young (3072K), 3 survivors (3072K)
 Metaspace       used 42865K, committed 43200K, reserved 1089536K
  class space    used 5498K, committed 5632K, reserved 1048576K
}
Event: 6.262 GC heap before
{Heap before GC invocations=15 (full 0):
 garbage-first heap   total 49152K, used 35664K [0x0000000090c00000, 0x0000000100000000)
  region size 1024K, 19 young (19456K), 3 survivors (3072K)
 Metaspace       used 44832K, committed 45184K, reserved 1089536K
  class space    used 5778K, committed 5952K, reserved 1048576K
}
Event: 6.270 GC heap after
{Heap after GC invocations=16 (full 0):
 garbage-first heap   total 49152K, used 22116K [0x0000000090c00000, 0x0000000100000000)
  region size 1024K, 3 young (3072K), 3 survivors (3072K)
 Metaspace       used 44832K, committed 45184K, reserved 1089536K
  class space    used 5778K, committed 5952K, reserved 1048576K
}

Deoptimization events (20 events):
Event: 13.927 Thread 0x000002868ae4f930 Uncommon trap: trap_request=0xffffff45 fr.pc=0x00000286f6f24584 relative=0x0000000000001044
Event: 13.927 Thread 0x000002868ae4f930 Uncommon trap: reason=unstable_if action=reinterpret pc=0x00000286f6f24584 method=java.util.concurrent.ConcurrentHashMap.putVal(Ljava/lang/Object;Ljava/lang/Object;Z)Ljava/lang/Object; @ 97 c2
Event: 13.927 Thread 0x000002868ae4f930 DEOPT PACKING pc=0x00000286f6f24584 sp=0x000000d9904fdac0
Event: 13.927 Thread 0x000002868ae4f930 DEOPT UNPACKING pc=0x00000286ef2fd72e sp=0x000000d9904fda68 mode 2
Event: 15.027 Thread 0x0000028688cde000 DEOPT PACKING pc=0x00000286f009ed5e sp=0x000000d98f3fde60
Event: 15.028 Thread 0x0000028688cde000 DEOPT UNPACKING pc=0x00000286ef2fdece sp=0x000000d98f3fd290 mode 0
Event: 15.029 Thread 0x0000028688cdc020 DEOPT PACKING pc=0x00000286f009ed91 sp=0x000000d98f8fe280
Event: 15.029 Thread 0x0000028688cdc020 DEOPT UNPACKING pc=0x00000286ef2fdece sp=0x000000d98f8fd6b0 mode 0
Event: 15.030 Thread 0x0000028688cdc020 DEOPT PACKING pc=0x00000286f009ed5e sp=0x000000d98f8fe2e0
Event: 15.030 Thread 0x0000028688cdc020 DEOPT UNPACKING pc=0x00000286ef2fdece sp=0x000000d98f8fd710 mode 0
Event: 15.030 Thread 0x0000028688cdb580 DEOPT PACKING pc=0x00000286f009ed91 sp=0x000000d98f7fdfa0
Event: 15.030 Thread 0x0000028688cdb580 DEOPT UNPACKING pc=0x00000286ef2fdece sp=0x000000d98f7fd3d0 mode 0
Event: 15.031 Thread 0x0000028688cdb580 DEOPT PACKING pc=0x00000286f01857d6 sp=0x000000d98f7fe8b0
Event: 15.031 Thread 0x0000028688cdb580 DEOPT UNPACKING pc=0x00000286ef2fdece sp=0x000000d98f7fdd38 mode 0
Event: 15.032 Thread 0x0000028688cdd560 DEOPT PACKING pc=0x00000286f009ed5e sp=0x000000d98f4fdec0
Event: 15.032 Thread 0x0000028688cdd560 DEOPT UNPACKING pc=0x00000286ef2fdece sp=0x000000d98f4fd2f0 mode 0
Event: 25.035 Thread 0x0000028688cde000 DEOPT PACKING pc=0x00000286f01857d6 sp=0x000000d98f3fe770
Event: 25.035 Thread 0x0000028688cde000 DEOPT UNPACKING pc=0x00000286ef2fdece sp=0x000000d98f3fdbf8 mode 0
Event: 35.036 Thread 0x0000028688cdb580 DEOPT PACKING pc=0x00000286f00fed0b sp=0x000000d98f7fde70
Event: 35.036 Thread 0x0000028688cdb580 DEOPT UNPACKING pc=0x00000286ef2fdece sp=0x000000d98f7fd360 mode 0

Classes unloaded (0 events):
No events

Classes redefined (0 events):
No events

Internal exceptions (20 events):
Event: 5.296 Thread 0x00000286e7b389d0 Exception <a 'java/lang/NoSuchMethodError'{0x00000000944f2b88}: 'java.lang.Object java.lang.invoke.Invokers$Holder.invoke_MT(java.lang.Object, java.lang.Object, java.lang.Object)'> (0x00000000944f2b88) 
thrown [t:\workspace\open\src\hotspot\share\interpreter\linkResolver.cpp, line 790]
Event: 5.351 Thread 0x00000286e7b389d0 Exception <a 'java/lang/reflect/InvocationTargetException'{0x0000000093311cd0}> (0x0000000093311cd0) 
thrown [t:\workspace\open\src\hotspot\share\runtime\reflection.cpp, line 1157]
Event: 5.776 Thread 0x00000286e7b389d0 Exception <a 'java/lang/ClassNotFoundException'{0x00000000930979d8}: java/lang/ObjectCustomizer> (0x00000000930979d8) 
thrown [t:\workspace\open\src\hotspot\share\classfile\systemDictionary.cpp, line 256]
Event: 5.777 Thread 0x00000286e7b389d0 Exception <a 'java/lang/ClassNotFoundException'{0x000000009309dfa0}: org/springframework/security/config/annotation/web/configuration/WebSecurityConfigurationCustomizer> (0x000000009309dfa0) 
thrown [t:\workspace\open\src\hotspot\share\classfile\systemDictionary.cpp, line 256]
Event: 5.777 Thread 0x00000286e7b389d0 Exception <a 'java/lang/ClassNotFoundException'{0x00000000930abc30}: org/springframework/context/annotation/ImportAwareCustomizer> (0x00000000930abc30) 
thrown [t:\workspace\open\src\hotspot\share\classfile\systemDictionary.cpp, line 256]
Event: 5.777 Thread 0x00000286e7b389d0 Exception <a 'java/lang/ClassNotFoundException'{0x00000000930af480}: org/springframework/beans/factory/AwareCustomizer> (0x00000000930af480) 
thrown [t:\workspace\open\src\hotspot\share\classfile\systemDictionary.cpp, line 256]
Event: 5.778 Thread 0x00000286e7b389d0 Exception <a 'java/lang/ClassNotFoundException'{0x00000000930b2010}: org/springframework/beans/factory/BeanClassLoaderAwareCustomizer> (0x00000000930b2010) 
thrown [t:\workspace\open\src\hotspot\share\classfile\systemDictionary.cpp, line 256]
Event: 5.778 Thread 0x00000286e7b389d0 Exception <a 'java/lang/ClassNotFoundException'{0x00000000930b5870}: org/springframework/beans/factory/AwareCustomizer> (0x00000000930b5870) 
thrown [t:\workspace\open\src\hotspot\share\classfile\systemDictionary.cpp, line 256]
Event: 5.812 Thread 0x00000286e7b389d0 Implicit null exception at 0x00000286f6e862c1 to 0x00000286f6e8668f
Event: 5.904 Thread 0x00000286e7b389d0 Implicit null exception at 0x00000286f6f69904 to 0x00000286f6f69d94
Event: 6.094 Thread 0x00000286e7b389d0 Exception <a 'java/lang/IncompatibleClassChangeError'{0x00000000933b8378}: Found class java.lang.Object, but interface was expected> (0x00000000933b8378) 
thrown [t:\workspace\open\src\hotspot\share\interpreter\linkResolver.cpp, line 857]
Event: 6.136 Thread 0x00000286e7b389d0 Exception <a 'java/lang/ClassNotFoundException'{0x00000000931e1fc8}: java/lang/ObjectCustomizer> (0x00000000931e1fc8) 
thrown [t:\workspace\open\src\hotspot\share\classfile\systemDictionary.cpp, line 256]
Event: 6.136 Thread 0x00000286e7b389d0 Exception <a 'java/lang/ClassNotFoundException'{0x00000000931e8590}: org/springframework/security/config/annotation/web/configuration/HttpSecurityConfigurationCustomizer> (0x00000000931e8590) 
thrown [t:\workspace\open\src\hotspot\share\classfile\systemDictionary.cpp, line 256]
Event: 6.151 Thread 0x00000286e7b389d0 Exception <a 'java/lang/NoSuchMethodError'{0x0000000093067ca0}: 'java.lang.Object java.lang.invoke.DirectMethodHandle$Holder.invokeInterface(java.lang.Object, java.lang.Object, java.lang.Object, java.lang.Object)'> (0x0000000093067ca0) 
thrown [t:\workspace\open\src\hotspot\share\interpreter\linkResolver.cpp, line 790]
Event: 6.197 Thread 0x00000286e7b389d0 Exception <a 'java/lang/NoSuchMethodError'{0x0000000092e16f28}: 'void java.lang.invoke.DirectMethodHandle$Holder.invokeVirtual(java.lang.Object, java.lang.Object, long)'> (0x0000000092e16f28) 
thrown [t:\workspace\open\src\hotspot\share\interpreter\linkResolver.cpp, line 790]
Event: 6.385 Thread 0x00000286e7b389d0 Exception <a 'java/lang/NoSuchMethodError'{0x00000000947ec3a8}: 'java.lang.Object java.lang.invoke.DirectMethodHandle$Holder.newInvokeSpecial(java.lang.Object, java.lang.Object, int, java.lang.Object, java.lang.Object)'> (0x00000000947ec3a8) 
thrown [t:\workspace\open\src\hotspot\share\interpreter\linkResolver.cpp, line 790]
Event: 6.386 Thread 0x00000286e7b389d0 Exception <a 'java/lang/NoSuchMethodError'{0x00000000947f83d8}: 'java.lang.Object java.lang.invoke.DirectMethodHandle$Holder.invokeSpecial(java.lang.Object, java.lang.Object, int, java.lang.Object, int, java.lang.Object)'> (0x00000000947f83d8) 
thrown [t:\workspace\open\src\hotspot\share\interpreter\linkResolver.cpp, line 790]
Event: 6.387 Thread 0x00000286e7b389d0 Exception <a 'java/lang/NoSuchMethodError'{0x0000000094600c20}: 'java.lang.Object java.lang.invoke.DirectMethodHandle$Holder.newInvokeSpecial(java.lang.Object, java.lang.Object, int, java.lang.Object, int)'> (0x0000000094600c20) 
thrown [t:\workspace\open\src\hotspot\share\interpreter\linkResolver.cpp, line 790]
Event: 6.387 Thread 0x00000286e7b389d0 Exception <a 'java/lang/NoSuchMethodError'{0x0000000094604e30}: 'java.lang.Object java.lang.invoke.DirectMethodHandle$Holder.invokeSpecial(java.lang.Object, java.lang.Object, java.lang.Object, int, java.lang.Object, int)'> (0x0000000094604e30) 
thrown [t:\workspace\open\src\hotspot\share\interpreter\linkResolver.cpp, line 790]
Event: 6.388 Thread 0x00000286e7b389d0 Exception <a 'java/lang/NoSuchMethodError'{0x000000009460ec70}: 'void java.lang.invoke.DirectMethodHandle$Holder.invokeVirtual(java.lang.Object, java.lang.Object)'> (0x000000009460ec70) 
thrown [t:\workspace\open\src\hotspot\share\interpreter\linkResolver.cpp, line 790]

Events (20 events):
Event: 12.212 loading class java/time/format/DateTimeFormatterBuilder$ZoneTextPrinterParser
Event: 12.212 loading class java/time/format/DateTimeFormatterBuilder$ZoneTextPrinterParser done
Event: 12.213 loading class java/time/format/DateTimeFormatterBuilder$ReducedPrinterParser
Event: 12.214 loading class java/time/format/DateTimeFormatterBuilder$ReducedPrinterParser done
Event: 13.159 Executing  VM operation: Cleanup
Event: 13.159 Executing  VM operation: Cleanup done
Event: 14.162 Executing  VM operation: Cleanup
Event: 14.162 Executing  VM operation: Cleanup done
Event: 15.165 Executing  VM operation: Cleanup
Event: 15.165 Executing  VM operation: Cleanup done
Event: 25.258 Executing  VM operation: Cleanup
Event: 25.258 Executing  VM operation: Cleanup done
Event: 34.342 Executing  VM operation: Cleanup
Event: 34.342 Executing  VM operation: Cleanup done
Event: 35.356 Executing  VM operation: Cleanup
Event: 35.356 Executing  VM operation: Cleanup done
Event: 45.421 Executing  VM operation: Cleanup
Event: 45.421 Executing  VM operation: Cleanup done
Event: 55.511 Executing  VM operation: Cleanup
Event: 55.511 Executing  VM operation: Cleanup done


Dynamic libraries:
0x00007ff7008a0000 - 0x00007ff7008b0000 	D:\Program Files\Java\jdk-16.0.1\bin\java.exe
0x00007ffccc4e0000 - 0x00007ffccc6e9000 	C:\WINDOWS\SYSTEM32\ntdll.dll
0x00007ffccaf10000 - 0x00007ffccafce000 	C:\WINDOWS\System32\KERNEL32.DLL
0x00007ffcc9eb0000 - 0x00007ffcca22b000 	C:\WINDOWS\System32\KERNELBASE.dll
0x00007ffcc9b20000 - 0x00007ffcc9c31000 	C:\WINDOWS\System32\ucrtbase.dll
0x00007ffcc4410000 - 0x00007ffcc4428000 	D:\Program Files\Java\jdk-16.0.1\bin\jli.dll
0x00007ffcc0180000 - 0x00007ffcc0199000 	D:\Program Files\Java\jdk-16.0.1\bin\VCRUNTIME140.dll
0x00007ffccbc30000 - 0x00007ffccbcde000 	C:\WINDOWS\System32\ADVAPI32.dll
0x00007ffccb3a0000 - 0x00007ffccb443000 	C:\WINDOWS\System32\msvcrt.dll
0x00007ffccbaf0000 - 0x00007ffccbb8e000 	C:\WINDOWS\System32\sechost.dll
0x00007ffccaa60000 - 0x00007ffccab80000 	C:\WINDOWS\System32\RPCRT4.dll
0x00007ffccafd0000 - 0x00007ffccb17d000 	C:\WINDOWS\System32\USER32.dll
0x00007ffcc9c40000 - 0x00007ffcc9c66000 	C:\WINDOWS\System32\win32u.dll
0x00007ffcca950000 - 0x00007ffcca979000 	C:\WINDOWS\System32\GDI32.dll
0x00007ffcb8090000 - 0x00007ffcb8335000 	C:\WINDOWS\WinSxS\amd64_microsoft.windows.common-controls_6595b64144ccf1df_6.0.22000.120_none_9d947278b86cc467\COMCTL32.dll
0x00007ffcc9d90000 - 0x00007ffcc9ea8000 	C:\WINDOWS\System32\gdi32full.dll
0x00007ffcc9cf0000 - 0x00007ffcc9d8d000 	C:\WINDOWS\System32\msvcp_win.dll
0x00007ffcc0a30000 - 0x00007ffcc0a3a000 	C:\WINDOWS\SYSTEM32\VERSION.dll
0x00007ffccb180000 - 0x00007ffccb1b2000 	C:\WINDOWS\System32\IMM32.DLL
0x00007ffcc6320000 - 0x00007ffcc632c000 	D:\Program Files\Java\jdk-16.0.1\bin\vcruntime140_1.dll
0x00007ffcbbea0000 - 0x00007ffcbbf31000 	D:\Program Files\Java\jdk-16.0.1\bin\msvcp140.dll
0x00007ffc81f20000 - 0x00007ffc82acb000 	D:\Program Files\Java\jdk-16.0.1\bin\server\jvm.dll
0x00007ffccbb90000 - 0x00007ffccbb98000 	C:\WINDOWS\System32\PSAPI.DLL
0x00007ffcbbb10000 - 0x00007ffcbbb19000 	C:\WINDOWS\SYSTEM32\WSOCK32.dll
0x00007ffcc3060000 - 0x00007ffcc3093000 	C:\WINDOWS\SYSTEM32\WINMM.dll
0x00007ffccab80000 - 0x00007ffccabef000 	C:\WINDOWS\System32\WS2_32.dll
0x00007ffcc8a30000 - 0x00007ffcc8a48000 	C:\WINDOWS\SYSTEM32\kernel.appcore.dll
0x00007ffcc5900000 - 0x00007ffcc590a000 	D:\Program Files\Java\jdk-16.0.1\bin\jimage.dll
0x00007ffcbe240000 - 0x00007ffcbe461000 	C:\WINDOWS\SYSTEM32\DBGHELP.DLL
0x00007ffcb6760000 - 0x00007ffcb6791000 	C:\WINDOWS\SYSTEM32\dbgcore.DLL
0x00007ffcc9c70000 - 0x00007ffcc9cef000 	C:\WINDOWS\System32\bcryptPrimitives.dll
0x00007ffcc4a10000 - 0x00007ffcc4a1e000 	D:\Program Files\Java\jdk-16.0.1\bin\instrument.dll
0x00007ffcbf820000 - 0x00007ffcbf845000 	D:\Program Files\Java\jdk-16.0.1\bin\java.dll
0x00007ffccbce0000 - 0x00007ffccc498000 	C:\WINDOWS\System32\SHELL32.dll
0x00007ffcc7aa0000 - 0x00007ffcc8305000 	C:\WINDOWS\SYSTEM32\windows.storage.dll
0x00007ffccb770000 - 0x00007ffccbae8000 	C:\WINDOWS\System32\combase.dll
0x00007ffcc7930000 - 0x00007ffcc7a96000 	C:\WINDOWS\SYSTEM32\wintypes.dll
0x00007ffccb610000 - 0x00007ffccb6fa000 	C:\WINDOWS\System32\SHCORE.dll
0x00007ffccadc0000 - 0x00007ffccae1d000 	C:\WINDOWS\System32\shlwapi.dll
0x00007ffcc98e0000 - 0x00007ffcc9901000 	C:\WINDOWS\SYSTEM32\profapi.dll
0x00007ffcbf6c0000 - 0x00007ffcbf6d8000 	D:\Program Files\Java\jdk-16.0.1\bin\zip.dll
0x00007ffcbc530000 - 0x00007ffcbc549000 	D:\Program Files\Java\jdk-16.0.1\bin\net.dll
0x00007ffcc3330000 - 0x00007ffcc3444000 	C:\WINDOWS\SYSTEM32\WINHTTP.dll
0x00007ffcc8ed0000 - 0x00007ffcc8f37000 	C:\WINDOWS\system32\mswsock.dll
0x00007ffcbc510000 - 0x00007ffcbc523000 	D:\Program Files\Java\jdk-16.0.1\bin\nio.dll
0x00007ffcbbb40000 - 0x00007ffcbbb5a000 	D:\IntelliJIDEA\IntelliJ IDEA Community Edition 2022.2.3\bin\breakgen64.dll
0x00007ffcc47d0000 - 0x00007ffcc47e0000 	D:\Program Files\Java\jdk-16.0.1\bin\verify.dll
0x00007ffcc3a60000 - 0x00007ffcc3a69000 	D:\Program Files\Java\jdk-16.0.1\bin\management.dll
0x00007ffcc3630000 - 0x00007ffcc363b000 	D:\Program Files\Java\jdk-16.0.1\bin\management_ext.dll
0x00007ffcb3f80000 - 0x00007ffcb3f97000 	C:\WINDOWS\system32\napinsp.dll
0x00007ffcb3f10000 - 0x00007ffcb3f2b000 	C:\WINDOWS\system32\pnrpnsp.dll
0x00007ffcc8590000 - 0x00007ffcc8678000 	C:\WINDOWS\SYSTEM32\DNSAPI.dll
0x00007ffcc8560000 - 0x00007ffcc858d000 	C:\WINDOWS\SYSTEM32\IPHLPAPI.DLL
0x00007ffccaef0000 - 0x00007ffccaef9000 	C:\WINDOWS\System32\NSI.dll
0x00007ffcb3ef0000 - 0x00007ffcb3f02000 	C:\WINDOWS\System32\winrnr.dll
0x00007ffcbe170000 - 0x00007ffcbe185000 	C:\WINDOWS\system32\wshbth.dll
0x00007ffcb3fb0000 - 0x00007ffcb3fcf000 	C:\WINDOWS\system32\nlansp_c.dll
0x00007ffcc03b0000 - 0x00007ffcc03ba000 	C:\Windows\System32\rasadhlp.dll
0x00007ffcbe1b0000 - 0x00007ffcbe231000 	C:\WINDOWS\System32\fwpuclnt.dll
0x00007ffcc9120000 - 0x00007ffcc9138000 	C:\WINDOWS\SYSTEM32\CRYPTSP.dll
0x00007ffcc8990000 - 0x00007ffcc89c5000 	C:\WINDOWS\system32\rsaenh.dll
0x00007ffcc8fc0000 - 0x00007ffcc8fe9000 	C:\WINDOWS\SYSTEM32\USERENV.dll
0x00007ffcc92a0000 - 0x00007ffcc92c7000 	C:\WINDOWS\SYSTEM32\bcrypt.dll
0x00007ffcc9110000 - 0x00007ffcc911c000 	C:\WINDOWS\SYSTEM32\CRYPTBASE.dll
0x00007ffcc2840000 - 0x00007ffcc2859000 	C:\WINDOWS\SYSTEM32\dhcpcsvc6.DLL
0x00007ffcc47b0000 - 0x00007ffcc47ce000 	C:\WINDOWS\SYSTEM32\dhcpcsvc.DLL
0x00007ffcbf810000 - 0x00007ffcbf81e000 	D:\Program Files\Java\jdk-16.0.1\bin\sunmscapi.dll
0x00007ffcc99b0000 - 0x00007ffcc9b12000 	C:\WINDOWS\System32\CRYPT32.dll
0x00007ffcc9270000 - 0x00007ffcc9298000 	C:\WINDOWS\SYSTEM32\ncrypt.dll
0x00007ffcc9230000 - 0x00007ffcc9267000 	C:\WINDOWS\SYSTEM32\NTASN1.dll
0x00007ffcb35d0000 - 0x00007ffcb35d8000 	C:\WINDOWS\system32\wshunix.dll

dbghelp: loaded successfully - version: 4.0.5 - missing functions: none
symbol engine: initialized successfully - sym options: 0x614 - pdb path: .;D:\Program Files\Java\jdk-16.0.1\bin;C:\WINDOWS\SYSTEM32;C:\WINDOWS\WinSxS\amd64_microsoft.windows.common-controls_6595b64144ccf1df_6.0.22000.120_none_9d947278b86cc467;D:\Program Files\Java\jdk-16.0.1\bin\server;D:\IntelliJIDEA\IntelliJ IDEA Community Edition 2022.2.3\bin

VM Arguments:
jvm_args: -javaagent:D:\IntelliJIDEA\IntelliJ IDEA Community Edition 2022.2.3\lib\idea_rt.jar=50635:D:\IntelliJIDEA\IntelliJ IDEA Community Edition 2022.2.3\bin -Dfile.encoding=UTF-8 
java_command: com.shashank.FypApplication
java_class_path (initial): D:\InteliJProject\FYP\target\classes;C:\Users\shash\.m2\repository\org\springframework\boot\spring-boot-starter-data-mongodb\2.4.5\spring-boot-starter-data-mongodb-2.4.5.jar;C:\Users\shash\.m2\repository\org\mongodb\mongodb-driver-sync\4.1.2\mongodb-driver-sync-4.1.2.jar;C:\Users\shash\.m2\repository\org\mongodb\bson\4.1.2\bson-4.1.2.jar;C:\Users\shash\.m2\repository\org\mongodb\mongodb-driver-core\4.1.2\mongodb-driver-core-4.1.2.jar;C:\Users\shash\.m2\repository\org\springframework\data\spring-data-mongodb\3.1.8\spring-data-mongodb-3.1.8.jar;C:\Users\shash\.m2\repository\org\springframework\spring-tx\5.3.6\spring-tx-5.3.6.jar;C:\Users\shash\.m2\repository\org\springframework\spring-context\5.3.6\spring-context-5.3.6.jar;C:\Users\shash\.m2\repository\org\springframework\spring-beans\5.3.6\spring-beans-5.3.6.jar;C:\Users\shash\.m2\repository\org\springframework\spring-expression\5.3.6\spring-expression-5.3.6.jar;C:\Users\shash\.m2\repository\org\springframework\data\spring-data-commons\2.4.8\spring-data-commons-2.4.8.jar;C:\Users\shash\.m2\repository\org\slf4j\slf4j-api\1.7.30\slf4j-api-1.7.30.jar;C:\Users\shash\.m2\repository\org\springframework\boot\spring-boot-starter-web\2.4.5\spring-boot-starter-web-2.4.5.jar;C:\Users\shash\.m2\repository\org\springframework\boot\spring-boot-starter-json\2.4.5\spring-boot-starter-json-2.4.5.jar;C:\Users\shash\.m2\repository\com\fasterxml\jackson\datatype\jackson-datatype-jdk8\2.11.4\jackson-datatype-jdk8-2.11.4.jar;C:\Users\shash\.m2\repository\com\fasterxml\jackson\datatype\jackson-datatype-jsr310\2.11.4\jackson-datatype-jsr310-2.11.4.jar;C:\Users\shash\.m2\repository\com\fasterxml\jackson\module\jackson-module-parameter-names\2.11.4\jackson-module-parameter-names-2.11.4.jar;C:\Users\shash\.m2\repository\org\springframework\boot\spring-boot-starter-tomcat\2.4.5\spring-boot-starter-tomcat-2.4.5.jar;C:\Users\shash\.m2\repository\org\apache\tomcat\embed\tomcat-embed-core\9.0.45\tomcat-embed-core-9.0.45
Launcher Type: SUN_STANDARD

[Global flags]
     intx CICompilerCount                          = 3                                         {product} {ergonomic}
     uint ConcGCThreads                            = 1                                         {product} {ergonomic}
     uint G1ConcRefinementThreads                  = 4                                         {product} {ergonomic}
   size_t G1HeapRegionSize                         = 1048576                                   {product} {ergonomic}
    uintx GCDrainStackTargetSize                   = 64                                        {product} {ergonomic}
   size_t InitialHeapSize                          = 117440512                                 {product} {ergonomic}
   size_t MarkStackSize                            = 4194304                                   {product} {ergonomic}
   size_t MaxHeapSize                              = 1866465280                                {product} {ergonomic}
   size_t MaxNewSize                               = 1119879168                                {product} {ergonomic}
   size_t MinHeapDeltaBytes                        = 1048576                                   {product} {ergonomic}
   size_t MinHeapSize                              = 8388608                                   {product} {ergonomic}
    uintx NonNMethodCodeHeapSize                   = 5832780                                {pd product} {ergonomic}
    uintx NonProfiledCodeHeapSize                  = 122912730                              {pd product} {ergonomic}
    uintx ProfiledCodeHeapSize                     = 122912730                              {pd product} {ergonomic}
    uintx ReservedCodeCacheSize                    = 251658240                              {pd product} {ergonomic}
     bool SegmentedCodeCache                       = true                                      {product} {ergonomic}
   size_t SoftMaxHeapSize                          = 1866465280                             {manageable} {ergonomic}
     bool UseCompressedClassPointers               = true                           {product lp64_product} {ergonomic}
     bool UseCompressedOops                        = true                           {product lp64_product} {ergonomic}
     bool UseG1GC                                  = true                                      {product} {ergonomic}
     bool UseLargePagesIndividualAllocation        = false                                  {pd product} {ergonomic}

Logging:
Log output configuration:
 #0: stdout all=warning uptime,level,tags
 #1: stderr all=off uptime,level,tags

Environment Variables:
JAVA_HOME=D:\Program Files\Java\jdk-16.0.1\bin
PATH=C:\Python310\Scripts\;C:\Python310\;C:\Program Files\Common Files\Oracle\Java\javapath;C:\python39\Scripts\;C:\python39\;C:\WINDOWS\system32;C:\WINDOWS;C:\WINDOWS\System32\Wbem;C:\WINDOWS\System32\WindowsPowerShell\v1.0\;C:\WINDOWS\System32\OpenSSH\;C:\MinGW\bin;D:\Program Files\Git\Git\cmd;D:\apache-maven-3.8.6-bin\apache-maven-3.8.6\bin;C:\ProgramData\chocolatey\bin;D:\Program Files\NodeJS\;D:\Program Files\Java\jdk-16.0.1\;C:\Program Files\PowerShell\7\;C:\Users\shash\AppData\Local\Microsoft\WindowsApps;D:\heroku\bin;C:\Users\shash\AppData\Local\Programs\Microsoft VS Code\bin;C:\Users\shash\AppData\Roaming\npm;C:\Program Files\MongoDB\Server\5.0\bin;;D:\IntelliJIDEA\IntelliJ IDEA Community Edition 2022.2.3\bin;
USERNAME=shash
OS=Windows_NT
PROCESSOR_IDENTIFIER=AMD64 Family 23 Model 24 Stepping 1, AuthenticAMD



---------------  S Y S T E M  ---------------

OS:
 Windows 10 , 64 bit Build 22000 (10.0.22000.1219)
OS uptime: 16 days 4:35 hours

CPU: total 4 (initial active 4) (4 cores per cpu, 1 threads per core) family 23 model 24 stepping 1 microcode 0x0, cx8, cmov, fxsr, mmx, 3dnowpref, sse, sse2, sse3, ssse3, sse4a, sse4.1, sse4.2, popcnt, lzcnt, tsc, tscinvbit, avx, avx2, aes, clmul, bmi1, bmi2, adx, sha, fma, vzeroupper, clflush, clflushopt

Memory: 4k page, system-wide physical 7115M (231M free)
TotalPageFile size 19921M (AvailPageFile size 2M)
current process WorkingSet (physical memory assigned to process): 145M, peak: 192M
current process commit charge ("private bytes"): 214M, peak: 242M

vm_info: Java HotSpot(TM) 64-Bit Server VM (16.0.1+9-24) for windows-amd64 JRE (16.0.1+9-24), built on Mar 26 2021 19:31:42 by "mach5one" with MS VC++ 16.7 (VS2019)

END.
